<?xml version="1.0" encoding="utf-8"?>
<TestRun id="2345a8db-fe91-48d4-af60-89ca52272a93" name="PC@LAPTOP-OFLRKUG1 2026-06-10 11:23:08" runUser="LAPTOP-OFLRKUG1\PC" xmlns="http://microsoft.com/schemas/VisualStudio/TeamTest/2010">
  <Times creation="2026-06-10T11:23:08.1490924-05:00" queuing="2026-06-10T11:23:08.1490929-05:00" start="2026-06-10T11:23:00.5058659-05:00" finish="2026-06-10T11:23:12.6639341-05:00" />
  <TestSettings name="default" id="cf34e92d-bfd9-4c58-8334-9dfa1e4b3ef8">
    <Deployment runDeploymentRoot="PC_LAPTOP-OFLRKUG1_2026-06-10_11_23_08" />
  </TestSettings>
  <Results>
    <UnitTestResult executionId="a75105aa-f636-442a-9ba8-b582a82c5568" testId="01e9b8d5-ef62-dc8f-468c-01e1a71cdde1" testName="Trazzo.Biometric.Agent.Tests.AutoUpdateServiceTests.ExecuteAsync_WhenManifestUrlIsEmpty_DoesNotFetch" computerName="LAPTOP-OFLRKUG1" duration="00:00:00.0017827" startTime="2026-06-10T11:23:08.1688487-05:00" endTime="2026-06-10T11:23:08.1706550-05:00" testType="13cdc9d9-ddb5-4fa4-a97d-d965ccfc6d4b" outcome="Passed" testListId="8c84fa94-04c1-424b-9868-57a2d4851a1d" relativeResultsDirectory="a75105aa-f636-442a-9ba8-b582a82c5568" />
    <UnitTestResult executionId="f39f0646-1167-43f4-9a3e-df2e94db02f8" testId="ca477a05-3c47-da90-2f12-da73f425e086" testName="Trazzo.Biometric.Agent.Tests.FingerprintImageConverterTests.ConvertGrayscaleRawToPng_DataUrlTieneFormatoCorrecto" computerName="LAPTOP-OFLRKUG1" duration="00:00:00.1048815" startTime="2026-06-10T11:23:08.0689821-05:00" endTime="2026-06-10T11:23:08.1472522-05:00" testType="13cdc9d9-ddb5-4fa4-a97d-d965ccfc6d4b" outcome="Passed" testListId="8c84fa94-04c1-424b-9868-57a2d4851a1d" relativeResultsDirectory="f39f0646-1167-43f4-9a3e-df2e94db02f8" />
    <UnitTestResult executionId="91aedcc9-66c0-4508-912a-958488f9423f" testId="048ee1c0-10fa-2113-efa8-ca7e9b4bdaed" testName="Trazzo.Biometric.Agent.Tests.EventForwarderServiceTests.TryForwardPendingAsync_CuandoColaVacia_RetornaFalse" computerName="LAPTOP-OFLRKUG1" duration="00:00:00.0002847" startTime="2026-06-10T11:23:08.1076402-05:00" endTime="2026-06-10T11:23:08.1076786-05:00" testType="13cdc9d9-ddb5-4fa4-a97d-d965ccfc6d4b" outcome="Passed" testListId="8c84fa94-04c1-424b-9868-57a2d4851a1d" relativeResultsDirectory="91aedcc9-66c0-4508-912a-958488f9423f" />
    <UnitTestResult executionId="6cf426cd-44fe-467c-9e42-6019bebdd636" testId="6a03901b-6493-c22e-b15a-461c0aa9429a" testName="Trazzo.Biometric.Agent.Tests.ZKTecoErrorMapperTests.ToMessage_ReturnsExpectedMessage(code: -8, expected: &quot;Tiempo de espera agotado. Coloque el dedo en el le&quot;···)" computerName="LAPTOP-OFLRKUG1" duration="00:00:00.0000050" startTime="2026-06-10T11:23:08.0875089-05:00" endTime="2026-06-10T11:23:08.0875693-05:00" testType="13cdc9d9-ddb5-4fa4-a97d-d965ccfc6d4b" outcome="Passed" testListId="8c84fa94-04c1-424b-9868-57a2d4851a1d" relativeResultsDirectory="6cf426cd-44fe-467c-9e42-6019bebdd636" />
    <UnitTestResult executionId="b8714b22-0a96-4068-af38-9ad8c224c2a0" testId="69854937-7b21-65cd-43e7-d1d64b8e7d26" testName="Trazzo.Biometric.Agent.Tests.ZKTecoErrorMapperTests.ToMessage_ReturnsExpectedMessage(code: -4, expected: &quot;No se encontró ningún lector biométrico.&quot;)" computerName="LAPTOP-OFLRKUG1" duration="00:00:00.0000043" startTime="2026-06-10T11:23:08.0934130-05:00" endTime="2026-06-10T11:23:08.0936020-05:00" testType="13cdc9d9-ddb5-4fa4-a97d-d965ccfc6d4b" outcome="Passed" testListId="8c84fa94-04c1-424b-9868-57a2d4851a1d" relativeResultsDirectory="b8714b22-0a96-4068-af38-9ad8c224c2a0" />
    <UnitTestResult executionId="5fe4dc60-dce5-4023-8770-67af707595a3" testId="c70a4c36-ee08-0efb-13c9-71fd920ae8c8" testName="Trazzo.Biometric.Agent.Tests.SqliteEventQueueTests.MarkFailedAsync_AntesDeLimite_MantieneEventoComoPending" computerName="LAPTOP-OFLRKUG1" duration="00:00:00.0008587" startTime="2026-06-10T11:23:08.2010066-05:00" endTime="2026-06-10T11:23:08.2015402-05:00" testType="13cdc9d9-ddb5-4fa4-a97d-d965ccfc6d4b" outcome="Passed" testListId="8c84fa94-04c1-424b-9868-57a2d4851a1d" relativeResultsDirectory="5fe4dc60-dce5-4023-8770-67af707595a3" />
    <UnitTestResult executionId="a4130b4d-c8d9-4dfb-b914-c3d42e78b411" testId="985b038d-b29e-72d0-51fb-bebdee2022d9" testName="Trazzo.Biometric.Agent.Tests.LocalWebSocketServerServiceTests.OriginAuth_CuandoOrigenPermitido_AceptaConexion" computerName="LAPTOP-OFLRKUG1" duration="00:00:00.1768499" startTime="2026-06-10T11:23:08.0593791-05:00" endTime="2026-06-10T11:23:08.2136483-05:00" testType="13cdc9d9-ddb5-4fa4-a97d-d965ccfc6d4b" outcome="Passed" testListId="8c84fa94-04c1-424b-9868-57a2d4851a1d" relativeResultsDirectory="a4130b4d-c8d9-4dfb-b914-c3d42e78b411" />
    <UnitTestResult executionId="b7f4690e-9cba-4fc6-a5f7-5e74a9f52217" testId="d4a567bc-11cc-c205-0f4e-172d0c7f9f40" testName="Trazzo.Biometric.Agent.Tests.EventForwarderServiceTests.TryForwardPendingAsync_CuandoAlgunosExitososYOtrosFallidos_MarcaCorrectamente" computerName="LAPTOP-OFLRKUG1" duration="00:00:00.0009026" startTime="2026-06-10T11:23:08.1589782-05:00" endTime="2026-06-10T11:23:08.1594127-05:00" testType="13cdc9d9-ddb5-4fa4-a97d-d965ccfc6d4b" outcome="Passed" testListId="8c84fa94-04c1-424b-9868-57a2d4851a1d" relativeResultsDirectory="b7f4690e-9cba-4fc6-a5f7-5e74a9f52217" />
    <UnitTestResult executionId="83bc9017-5aeb-4381-a3cb-ba06cbd51fcb" testId="9b5a454a-d224-35cb-ecd6-d085eb0453e8" testName="Trazzo.Biometric.Agent.Tests.SqliteEventQueueTests.GetPendingAsync_NoDevuelveEventosEnviados" computerName="LAPTOP-OFLRKUG1" duration="00:00:00.0014007" startTime="2026-06-10T11:23:08.2070557-05:00" endTime="2026-06-10T11:23:08.2080507-05:00" testType="13cdc9d9-ddb5-4fa4-a97d-d965ccfc6d4b" outcome="Passed" testListId="8c84fa94-04c1-424b-9868-57a2d4851a1d" relativeResultsDirectory="83bc9017-5aeb-4381-a3cb-ba06cbd51fcb" />
    <UnitTestResult executionId="145a8cf0-6605-43b0-b877-415f3e55879f" testId="c118e526-7c88-61fc-4861-986c927d01e1" testName="Trazzo.Biometric.Agent.Tests.WebSocketResponseTests.HandleMessageAsync_ForInvalidJson_ReturnsErrorJson" computerName="LAPTOP-OFLRKUG1" duration="00:00:00.1219660" startTime="2026-06-10T11:23:08.0584085-05:00" endTime="2026-06-10T11:23:08.1590139-05:00" testType="13cdc9d9-ddb5-4fa4-a97d-d965ccfc6d4b" outcome="Passed" testListId="8c84fa94-04c1-424b-9868-57a2d4851a1d" relativeResultsDirectory="145a8cf0-6605-43b0-b877-415f3e55879f" />
    <UnitTestResult executionId="6d932e1a-a557-41a8-b90d-15dded5fe455" testId="7bba1f5f-06c3-0170-c369-57d8a04478cf" testName="Trazzo.Biometric.Agent.Tests.SqliteEventQueueTests.MarkFailedAsync_AlLlegarAlLimite_MarcaComoFailed" computerName="LAPTOP-OFLRKUG1" duration="00:00:00.0010479" startTime="2026-06-10T11:23:08.2051667-05:00" endTime="2026-06-10T11:23:08.2058264-05:00" testType="13cdc9d9-ddb5-4fa4-a97d-d965ccfc6d4b" outcome="Passed" testListId="8c84fa94-04c1-424b-9868-57a2d4851a1d" relativeResultsDirectory="6d932e1a-a557-41a8-b90d-15dded5fe455" />
    <UnitTestResult executionId="d9c319cb-2e21-436a-8a9d-df0382524973" testId="3546db1d-6356-669e-678a-0970c81fd30b" testName="Trazzo.Biometric.Agent.Tests.HybridCryptographyServiceTests.IsConfigured_WhenFetcherReturnsValidKey_ReturnsTrue" computerName="LAPTOP-OFLRKUG1" duration="00:00:00.0392331" startTime="2026-06-10T11:23:08.1930233-05:00" endTime="2026-06-10T11:23:08.2318404-05:00" testType="13cdc9d9-ddb5-4fa4-a97d-d965ccfc6d4b" outcome="Passed" testListId="8c84fa94-04c1-424b-9868-57a2d4851a1d" relativeResultsDirectory="d9c319cb-2e21-436a-8a9d-df0382524973" />
    <UnitTestResult executionId="b65d32a6-81d5-4910-b774-610648307450" testId="56f7f7bd-ce0f-509a-698d-f11e36b1720c" testName="Trazzo.Biometric.Agent.Tests.ZKTecoScannerServiceTests.CaptureFingerprintAsync_WhenCaptureSucceeds_ReturnsTemplateBase64" computerName="LAPTOP-OFLRKUG1" duration="00:00:00.7092941" startTime="2026-06-10T11:23:11.7674185-05:00" endTime="2026-06-10T11:23:12.4821411-05:00" testType="13cdc9d9-ddb5-4fa4-a97d-d965ccfc6d4b" outcome="Passed" testListId="8c84fa94-04c1-424b-9868-57a2d4851a1d" relativeResultsDirectory="b65d32a6-81d5-4910-b774-610648307450" />
    <UnitTestResult executionId="2fd5fbd6-581c-4764-9436-c6015507f8bc" testId="b655e949-715b-4c78-16dd-73b3d99a9cbd" testName="Trazzo.Biometric.Agent.Tests.FingerprintCaptureResultTests.Failed_ReturnsFailurePayloadWithoutTemplate" computerName="LAPTOP-OFLRKUG1" duration="00:00:00.0516680" startTime="2026-06-10T11:23:08.0593484-05:00" endTime="2026-06-10T11:23:08.0975673-05:00" testType="13cdc9d9-ddb5-4fa4-a97d-d965ccfc6d4b" outcome="Passed" testListId="8c84fa94-04c1-424b-9868-57a2d4851a1d" relativeResultsDirectory="2fd5fbd6-581c-4764-9436-c6015507f8bc" />
    <UnitTestResult executionId="9880f0c0-7f34-4927-b00f-e9dc371fe0be" testId="4bdcfe11-f6e1-6c43-ed12-f6f091af7331" testName="Trazzo.Biometric.Agent.Tests.AgentHealthServiceTests.GetHealthResult_ReturnsExpectedMessage" computerName="LAPTOP-OFLRKUG1" duration="00:00:00.0001979" startTime="2026-06-10T11:23:08.1533469-05:00" endTime="2026-06-10T11:23:08.1533769-05:00" testType="13cdc9d9-ddb5-4fa4-a97d-d965ccfc6d4b" outcome="Passed" testListId="8c84fa94-04c1-424b-9868-57a2d4851a1d" relativeResultsDirectory="9880f0c0-7f34-4927-b00f-e9dc371fe0be" />
    <UnitTestResult executionId="36859a90-fa14-41c7-a3b5-941c6bff4d2b" testId="72e96992-001e-bf86-53a1-88209f23ecde" testName="Trazzo.Biometric.Agent.Tests.EventForwarderServiceTests.TryForwardPendingAsync_CuandoSenderFalla_MarcaEventoComoFallido" computerName="LAPTOP-OFLRKUG1" duration="00:00:00.0007226" startTime="2026-06-10T11:23:08.1560716-05:00" endTime="2026-06-10T11:23:08.1561081-05:00" testType="13cdc9d9-ddb5-4fa4-a97d-d965ccfc6d4b" outcome="Passed" testListId="8c84fa94-04c1-424b-9868-57a2d4851a1d" relativeResultsDirectory="36859a90-fa14-41c7-a3b5-941c6bff4d2b" />
    <UnitTestResult executionId="8392babf-93aa-4af0-8945-fe0a04661844" testId="08f4b56e-770f-4bda-3066-86c8638ecf7d" testName="Trazzo.Biometric.Agent.Tests.WebSocketResponseTests.HandleMessageAsync_ForEnrollCancel_RetornaTipoEnrollResult" computerName="LAPTOP-OFLRKUG1" duration="00:00:00.0014848" startTime="2026-06-10T11:23:08.1728007-05:00" endTime="2026-06-10T11:23:08.1734843-05:00" testType="13cdc9d9-ddb5-4fa4-a97d-d965ccfc6d4b" outcome="Passed" testListId="8c84fa94-04c1-424b-9868-57a2d4851a1d" relativeResultsDirectory="8392babf-93aa-4af0-8945-fe0a04661844" />
    <UnitTestResult executionId="e17d027d-6bd5-4af9-8784-a8132cd18fa5" testId="6affcbc5-b1ce-0b03-194c-f0fa776de51f" testName="Trazzo.Biometric.Agent.Tests.ZKTecoErrorMapperTests.ToMessage_ReturnsExpectedMessage(code: -2, expected: &quot;Parámetro inválido del SDK ZKTeco.&quot;)" computerName="LAPTOP-OFLRKUG1" duration="00:00:00.0000034" startTime="2026-06-10T11:23:08.0881670-05:00" endTime="2026-06-10T11:23:08.0882569-05:00" testType="13cdc9d9-ddb5-4fa4-a97d-d965ccfc6d4b" outcome="Passed" testListId="8c84fa94-04c1-424b-9868-57a2d4851a1d" relativeResultsDirectory="e17d027d-6bd5-4af9-8784-a8132cd18fa5" />
    <UnitTestResult executionId="30a26c09-e219-49be-86ad-b207f81eedff" testId="33a207f1-2d4d-86e9-767f-287c52636eca" testName="Trazzo.Biometric.Agent.Tests.EventForwarderServiceTests.BuildHttpSender_CuandoEnviaEvento_PayloadTieneFormatoCorrecto" computerName="LAPTOP-OFLRKUG1" duration="00:00:00.0010476" startTime="2026-06-10T11:23:08.1547173-05:00" endTime="2026-06-10T11:23:08.1556897-05:00" testType="13cdc9d9-ddb5-4fa4-a97d-d965ccfc6d4b" outcome="Passed" testListId="8c84fa94-04c1-424b-9868-57a2d4851a1d" relativeResultsDirectory="30a26c09-e219-49be-86ad-b207f81eedff" />
    <UnitTestResult executionId="c2b8a104-45fb-4958-b8cb-7429ae7f8c1d" testId="338c148b-f313-2cc6-c514-9ee67e5e233b" testName="Trazzo.Biometric.Agent.Tests.FingerprintQualityAnalyzerTests.Analyze_CuandoCoberturaExcesivaDePixelesOscuros_RetornaAreaExcesiva" computerName="LAPTOP-OFLRKUG1" duration="00:00:00.0002978" startTime="2026-06-10T11:23:08.0939975-05:00" endTime="2026-06-10T11:23:08.0946292-05:00" testType="13cdc9d9-ddb5-4fa4-a97d-d965ccfc6d4b" outcome="Passed" testListId="8c84fa94-04c1-424b-9868-57a2d4851a1d" relativeResultsDirectory="c2b8a104-45fb-4958-b8cb-7429ae7f8c1d" />
    <UnitTestResult executionId="ad13069f-28fb-4a36-a48b-59c9412e4f72" testId="c99eaf27-83e0-a0c1-fded-933b42b0bacf" testName="Trazzo.Biometric.Agent.Tests.HybridCryptographyServiceTests.InitializeAsync_WhenFetcherSucceeds_DoesNotLeakOldKey" computerName="LAPTOP-OFLRKUG1" duration="00:00:00.0290194" startTime="2026-06-10T11:23:08.2323272-05:00" endTime="2026-06-10T11:23:08.2609070-05:00" testType="13cdc9d9-ddb5-4fa4-a97d-d965ccfc6d4b" outcome="Passed" testListId="8c84fa94-04c1-424b-9868-57a2d4851a1d" relativeResultsDirectory="ad13069f-28fb-4a36-a48b-59c9412e4f72" />
    <UnitTestResult executionId="17794461-32a7-4ef2-b95f-d11cf894400a" testId="22c3dc75-ec84-532b-7559-39e54ed50ce1" testName="Trazzo.Biometric.Agent.Tests.AgentHealthServiceTests.GetHealthResult_CalledTwice_ReturnsSameShape" computerName="LAPTOP-OFLRKUG1" duration="00:00:00.0001085" startTime="2026-06-10T11:23:08.1526180-05:00" endTime="2026-06-10T11:23:08.1526585-05:00" testType="13cdc9d9-ddb5-4fa4-a97d-d965ccfc6d4b" outcome="Passed" testListId="8c84fa94-04c1-424b-9868-57a2d4851a1d" relativeResultsDirectory="17794461-32a7-4ef2-b95f-d11cf894400a" />
    <UnitTestResult executionId="47b30fa8-6b77-4aeb-961f-c14f01e03ec6" testId="36fc74f2-f422-7eeb-2c3e-7e492d570a25" testName="Trazzo.Biometric.Agent.Tests.FingerprintQualityAnalyzerTests.Analyze_CuandoImagenTodoBlanca_RetornaCoberturaInsuficiente" computerName="LAPTOP-OFLRKUG1" duration="00:00:00.0000911" startTime="2026-06-10T11:23:08.0954920-05:00" endTime="2026-06-10T11:23:08.0955301-05:00" testType="13cdc9d9-ddb5-4fa4-a97d-d965ccfc6d4b" outcome="Passed" testListId="8c84fa94-04c1-424b-9868-57a2d4851a1d" relativeResultsDirectory="47b30fa8-6b77-4aeb-961f-c14f01e03ec6" />
    <UnitTestResult executionId="83a72858-c535-47d9-8720-85d6da10bfe9" testId="466284bc-130b-0de1-4255-6146f92cbee0" testName="Trazzo.Biometric.Agent.Tests.EventForwarderServiceTests.TryForwardPendingAsync_CuandoTodosEnviados_RetornaFalse" computerName="LAPTOP-OFLRKUG1" duration="00:00:00.0003460" startTime="2026-06-10T11:23:08.1568876-05:00" endTime="2026-06-10T11:23:08.1573060-05:00" testType="13cdc9d9-ddb5-4fa4-a97d-d965ccfc6d4b" outcome="Passed" testListId="8c84fa94-04c1-424b-9868-57a2d4851a1d" relativeResultsDirectory="83a72858-c535-47d9-8720-85d6da10bfe9" />
    <UnitTestResult executionId="174cd65b-9b85-4cf7-9564-0ad5c5d56b71" testId="0400335f-679a-fb04-0fbe-b5053cb70394" testName="Trazzo.Biometric.Agent.Tests.LocalWebSocketServerServiceTests.HealthEndpoint_CuandoGetARaiz_Devuelve200ConJson" computerName="LAPTOP-OFLRKUG1" duration="00:00:00.0075929" startTime="2026-06-10T11:23:08.2258882-05:00" endTime="2026-06-10T11:23:08.2333645-05:00" testType="13cdc9d9-ddb5-4fa4-a97d-d965ccfc6d4b" outcome="Passed" testListId="8c84fa94-04c1-424b-9868-57a2d4851a1d" relativeResultsDirectory="174cd65b-9b85-4cf7-9564-0ad5c5d56b71" />
    <UnitTestResult executionId="ef6d58c6-7dfc-45a5-8148-eaae97df9dc3" testId="caf415cf-c922-272f-34c5-65292d8c350c" testName="Trazzo.Biometric.Agent.Tests.SqliteEventQueueTests.PruneAsync_ConservaEventosPendientes" computerName="LAPTOP-OFLRKUG1" duration="00:00:00.0007261" startTime="2026-06-10T11:23:08.2003751-05:00" endTime="2026-06-10T11:23:08.2006518-05:00" testType="13cdc9d9-ddb5-4fa4-a97d-d965ccfc6d4b" outcome="Passed" testListId="8c84fa94-04c1-424b-9868-57a2d4851a1d" relativeResultsDirectory="ef6d58c6-7dfc-45a5-8148-eaae97df9dc3" />
    <UnitTestResult executionId="46cf282f-a72e-40d5-95b2-d10864572970" testId="90ba98ff-5115-a102-5759-c099f261679d" testName="Trazzo.Biometric.Agent.Tests.EventForwarderServiceTests.TryForwardPendingAsync_CuandoColaVacia_NoMarcaNadaComoEnviado" computerName="LAPTOP-OFLRKUG1" duration="00:00:00.0006990" startTime="2026-06-10T11:23:08.1079380-05:00" endTime="2026-06-10T11:23:08.1079612-05:00" testType="13cdc9d9-ddb5-4fa4-a97d-d965ccfc6d4b" outcome="Passed" testListId="8c84fa94-04c1-424b-9868-57a2d4851a1d" relativeResultsDirectory="46cf282f-a72e-40d5-95b2-d10864572970" />
    <UnitTestResult executionId="15692a08-3a84-424e-bb8c-0faed78d316b" testId="6a74a3be-c197-3ec5-965b-31c23a8e1a65" testName="Trazzo.Biometric.Agent.Tests.SqliteEventQueueTests.PruneAsync_EliminaEventosFailedAntiguos" computerName="LAPTOP-OFLRKUG1" duration="00:00:00.0035198" startTime="2026-06-10T11:23:08.1967340-05:00" endTime="2026-06-10T11:23:08.1999311-05:00" testType="13cdc9d9-ddb5-4fa4-a97d-d965ccfc6d4b" outcome="Passed" testListId="8c84fa94-04c1-424b-9868-57a2d4851a1d" relativeResultsDirectory="15692a08-3a84-424e-bb8c-0faed78d316b" />
    <UnitTestResult executionId="d13ccd1f-abcb-435f-b467-0c31c3153e52" testId="de9a16b0-9c23-fbd9-747f-92adbd9e7eb5" testName="Trazzo.Biometric.Agent.Tests.AgentHealthServiceTests.GetHealthResult_ReturnsObjectWithTypeHealthCheckResult" computerName="LAPTOP-OFLRKUG1" duration="00:00:00.0001471" startTime="2026-06-10T11:23:08.1530013-05:00" endTime="2026-06-10T11:23:08.1530455-05:00" testType="13cdc9d9-ddb5-4fa4-a97d-d965ccfc6d4b" outcome="Passed" testListId="8c84fa94-04c1-424b-9868-57a2d4851a1d" relativeResultsDirectory="d13ccd1f-abcb-435f-b467-0c31c3153e52" />
    <UnitTestResult executionId="df90b4dc-2aaa-4589-99a5-b1a320165180" testId="5820b8cb-ab5f-59e8-0d73-7dcf43f8b8f4" testName="Trazzo.Biometric.Agent.Tests.AgentHealthServiceTests.GetHealthResult_ReturnsSuccessTrue" computerName="LAPTOP-OFLRKUG1" duration="00:00:00.1158099" startTime="2026-06-10T11:23:08.0593644-05:00" endTime="2026-06-10T11:23:08.1521742-05:00" testType="13cdc9d9-ddb5-4fa4-a97d-d965ccfc6d4b" outcome="Passed" testListId="8c84fa94-04c1-424b-9868-57a2d4851a1d" relativeResultsDirectory="df90b4dc-2aaa-4589-99a5-b1a320165180" />
    <UnitTestResult executionId="0dd1a137-40b9-4c89-b22e-3be59992a802" testId="b82c6802-7dbb-a128-088d-c4ac2e64bc9d" testName="Trazzo.Biometric.Agent.Tests.FingerprintImageConverterTests.ConvertGrayscaleRawToPng_CuandoAltoEsCero_LanzaArgumentOutOfRangeException" computerName="LAPTOP-OFLRKUG1" duration="00:00:00.0001372" startTime="2026-06-10T11:23:08.1477820-05:00" endTime="2026-06-10T11:23:08.1478199-05:00" testType="13cdc9d9-ddb5-4fa4-a97d-d965ccfc6d4b" outcome="Passed" testListId="8c84fa94-04c1-424b-9868-57a2d4851a1d" relativeResultsDirectory="0dd1a137-40b9-4c89-b22e-3be59992a802" />
    <UnitTestResult executionId="388305b0-5e0a-4ef8-a4a8-94609d01a6fe" testId="2ce89fd6-8dcd-01bb-5f77-05d9c8dc2ee7" testName="Trazzo.Biometric.Agent.Tests.FingerprintQualityAnalyzerTests.Analyze_CuandoHuellaValidaCentrada_RetornaExito" computerName="LAPTOP-OFLRKUG1" duration="00:00:00.0001524" startTime="2026-06-10T11:23:08.0950554-05:00" endTime="2026-06-10T11:23:08.0950951-05:00" testType="13cdc9d9-ddb5-4fa4-a97d-d965ccfc6d4b" outcome="Passed" testListId="8c84fa94-04c1-424b-9868-57a2d4851a1d" relativeResultsDirectory="388305b0-5e0a-4ef8-a4a8-94609d01a6fe" />
    <UnitTestResult executionId="1030f580-9663-4350-88e1-5ad6cba3c2ed" testId="28d38b8d-ab56-3f18-58c9-72b77b05e2c7" testName="Trazzo.Biometric.Agent.Tests.FingerprintImageConverterTests.ConvertGrayscaleRawToPng_Base64CoincidesConPngBytes" computerName="LAPTOP-OFLRKUG1" duration="00:00:00.0004244" startTime="2026-06-10T11:23:08.1505286-05:00" endTime="2026-06-10T11:23:08.1505726-05:00" testType="13cdc9d9-ddb5-4fa4-a97d-d965ccfc6d4b" outcome="Passed" testListId="8c84fa94-04c1-424b-9868-57a2d4851a1d" relativeResultsDirectory="1030f580-9663-4350-88e1-5ad6cba3c2ed" />
    <UnitTestResult executionId="ac95a600-0bcd-495d-81e4-a8c048b3fcf9" testId="8f9710a4-a5ba-f492-c34a-9cc769983506" testName="Trazzo.Biometric.Agent.Tests.FingerprintQualityAnalyzerTests.Analyze_CuandoNoRequiereCentrado_AceptaHuellaDescentrada" computerName="LAPTOP-OFLRKUG1" duration="00:00:00.0483341" startTime="2026-06-10T11:23:08.0599393-05:00" endTime="2026-06-10T11:23:08.0865246-05:00" testType="13cdc9d9-ddb5-4fa4-a97d-d965ccfc6d4b" outcome="Passed" testListId="8c84fa94-04c1-424b-9868-57a2d4851a1d" relativeResultsDirectory="ac95a600-0bcd-495d-81e4-a8c048b3fcf9" />
    <UnitTestResult executionId="83de4486-7040-4111-b4e3-006914cb372b" testId="d3219566-cd95-bd31-07cc-da5ba3d73bf5" testName="Trazzo.Biometric.Agent.Tests.AutoUpdateServiceTests.CheckAndApplyUpdateAsync_WhenDownloadUrlIsHttp_DoesNotDownload" computerName="LAPTOP-OFLRKUG1" duration="00:00:00.1202203" startTime="2026-06-10T11:23:08.0598852-05:00" endTime="2026-06-10T11:23:08.1569125-05:00" testType="13cdc9d9-ddb5-4fa4-a97d-d965ccfc6d4b" outcome="Passed" testListId="8c84fa94-04c1-424b-9868-57a2d4851a1d" relativeResultsDirectory="83de4486-7040-4111-b4e3-006914cb372b" />
    <UnitTestResult executionId="5fe17cca-c833-4935-a7fe-e0d9fe010c51" testId="54cff841-78b0-4b92-a4ee-5ea6d6008a66" testName="Trazzo.Biometric.Agent.Tests.FingerprintImageConverterTests.ConvertGrayscaleRawToPng_CuandoAnchoEsCero_LanzaArgumentOutOfRangeException" computerName="LAPTOP-OFLRKUG1" duration="00:00:00.0003591" startTime="2026-06-10T11:23:08.1509205-05:00" endTime="2026-06-10T11:23:08.1509512-05:00" testType="13cdc9d9-ddb5-4fa4-a97d-d965ccfc6d4b" outcome="Passed" testListId="8c84fa94-04c1-424b-9868-57a2d4851a1d" relativeResultsDirectory="5fe17cca-c833-4935-a7fe-e0d9fe010c51" />
    <UnitTestResult executionId="582286b2-6797-4418-9c89-9918878e16c2" testId="a414bb4c-0ba7-9e57-cd44-c7e700dee9f7" testName="Trazzo.Biometric.Agent.Tests.EventForwarderServiceTests.TryForwardPendingAsync_CuandoSenderFalla_RetornaTrue" computerName="LAPTOP-OFLRKUG1" duration="00:00:00.0009372" startTime="2026-06-10T11:23:08.1598176-05:00" endTime="2026-06-10T11:23:08.1606906-05:00" testType="13cdc9d9-ddb5-4fa4-a97d-d965ccfc6d4b" outcome="Passed" testListId="8c84fa94-04c1-424b-9868-57a2d4851a1d" relativeResultsDirectory="582286b2-6797-4418-9c89-9918878e16c2" />
    <UnitTestResult executionId="094b00d5-48e3-459e-bfca-15f51d6a6d6f" testId="10f064bc-c318-ecb6-8d0f-b2996e0263fa" testName="Trazzo.Biometric.Agent.Tests.HybridCryptographyServiceTests.TryEncryptTemplate_CiphertextLengthMatchesTemplateSize" computerName="LAPTOP-OFLRKUG1" duration="00:00:00.0382286" startTime="2026-06-10T11:23:08.1556498-05:00" endTime="2026-06-10T11:23:08.1925425-05:00" testType="13cdc9d9-ddb5-4fa4-a97d-d965ccfc6d4b" outcome="Passed" testListId="8c84fa94-04c1-424b-9868-57a2d4851a1d" relativeResultsDirectory="094b00d5-48e3-459e-bfca-15f51d6a6d6f" />
    <UnitTestResult executionId="c4355220-c9a6-4471-8a29-37f8590341e2" testId="a4029aec-352b-2fa0-1d25-cacba56bafaa" testName="Trazzo.Biometric.Agent.Tests.FingerprintImageConverterTests.ConvertGrayscaleRawToPng_ImagenDeUnPixel_ProducePngValido" computerName="LAPTOP-OFLRKUG1" duration="00:00:00.0004523" startTime="2026-06-10T11:23:08.1482265-05:00" endTime="2026-06-10T11:23:08.1482528-05:00" testType="13cdc9d9-ddb5-4fa4-a97d-d965ccfc6d4b" outcome="Passed" testListId="8c84fa94-04c1-424b-9868-57a2d4851a1d" relativeResultsDirectory="c4355220-c9a6-4471-8a29-37f8590341e2" />
    <UnitTestResult executionId="eb9a80cb-2590-4f9e-b41a-950aba69e8e6" testId="deeb79ad-06eb-8aaa-4b16-22d4146011d0" testName="Trazzo.Biometric.Agent.Tests.ZKTecoScannerServiceTests.CaptureFingerprintAsync_WhenCaptureSucceeds_ImageDimensionsAre300x400" computerName="LAPTOP-OFLRKUG1" duration="00:00:00.7122414" startTime="2026-06-10T11:23:09.6140365-05:00" endTime="2026-06-10T11:23:10.3261992-05:00" testType="13cdc9d9-ddb5-4fa4-a97d-d965ccfc6d4b" outcome="Passed" testListId="8c84fa94-04c1-424b-9868-57a2d4851a1d" relativeResultsDirectory="eb9a80cb-2590-4f9e-b41a-950aba69e8e6" />
    <UnitTestResult executionId="39ae13bf-ddf7-49ac-9d0a-97d458d2caf9" testId="48348b18-c3e9-a140-d1da-e83cfd52deba" testName="Trazzo.Biometric.Agent.Tests.EventForwarderServiceTests.BuildHttpSender_CuandoSinToken_NoEnviaAuthorizationHeader" computerName="LAPTOP-OFLRKUG1" duration="00:00:00.0004415" startTime="2026-06-10T11:23:08.1564876-05:00" endTime="2026-06-10T11:23:08.1565279-05:00" testType="13cdc9d9-ddb5-4fa4-a97d-d965ccfc6d4b" outcome="Passed" testListId="8c84fa94-04c1-424b-9868-57a2d4851a1d" relativeResultsDirectory="39ae13bf-ddf7-49ac-9d0a-97d458d2caf9" />
    <UnitTestResult executionId="42a7b3ad-4ff4-45e4-aae1-49c74076caa5" testId="82fdd604-5bb3-c19f-0d0b-a0ff223fb21d" testName="Trazzo.Biometric.Agent.Tests.WebSocketResponseTests.HandleMessageAsync_ForDeviceStatus_ReturnsDeviceStatusJson" computerName="LAPTOP-OFLRKUG1" duration="00:00:00.0012757" startTime="2026-06-10T11:23:08.1713221-05:00" endTime="2026-06-10T11:23:08.1719044-05:00" testType="13cdc9d9-ddb5-4fa4-a97d-d965ccfc6d4b" outcome="Passed" testListId="8c84fa94-04c1-424b-9868-57a2d4851a1d" relativeResultsDirectory="42a7b3ad-4ff4-45e4-aae1-49c74076caa5" />
    <UnitTestResult executionId="35188922-f6b7-4b81-8af7-1df153206dbe" testId="accdfbe1-af6a-5da8-98ff-23e26cdb3e5d" testName="Trazzo.Biometric.Agent.Tests.WebSocketResponseTests.HandleMessageAsync_ForQueueStatus_ReturnsPendingCount" computerName="LAPTOP-OFLRKUG1" duration="00:00:00.0019411" startTime="2026-06-10T11:23:08.1617241-05:00" endTime="2026-06-10T11:23:08.1628929-05:00" testType="13cdc9d9-ddb5-4fa4-a97d-d965ccfc6d4b" outcome="Passed" testListId="8c84fa94-04c1-424b-9868-57a2d4851a1d" relativeResultsDirectory="35188922-f6b7-4b81-8af7-1df153206dbe" />
    <UnitTestResult executionId="1b7fc73b-5e9c-4e2e-89fc-18d5defbfcda" testId="022e20ec-49cc-1f94-1c2c-2bd90a95cfc0" testName="Trazzo.Biometric.Agent.Tests.SqliteEventQueueTests.EnqueueAsync_IncrementesPendingCount" computerName="LAPTOP-OFLRKUG1" duration="00:00:00.0008819" startTime="2026-06-10T11:23:08.2084450-05:00" endTime="2026-06-10T11:23:08.2089274-05:00" testType="13cdc9d9-ddb5-4fa4-a97d-d965ccfc6d4b" outcome="Passed" testListId="8c84fa94-04c1-424b-9868-57a2d4851a1d" relativeResultsDirectory="1b7fc73b-5e9c-4e2e-89fc-18d5defbfcda" />
    <UnitTestResult executionId="5a29ff38-6140-412e-8132-297c3e78014e" testId="e14cc315-7cd8-df67-cf9f-2f3c3f5dcf3f" testName="Trazzo.Biometric.Agent.Tests.WebSocketResponseTests.HandleMessageAsync_ForCaptureWithoutEncryptedTemplate_DoesNotEnqueue" computerName="LAPTOP-OFLRKUG1" duration="00:00:00.0003880" startTime="2026-06-10T11:23:08.1639056-05:00" endTime="2026-06-10T11:23:08.1639636-05:00" testType="13cdc9d9-ddb5-4fa4-a97d-d965ccfc6d4b" outcome="Passed" testListId="8c84fa94-04c1-424b-9868-57a2d4851a1d" relativeResultsDirectory="5a29ff38-6140-412e-8132-297c3e78014e" />
    <UnitTestResult executionId="3d4c926a-1e50-427e-9f37-50def872a70d" testId="97fc8dcd-ba28-8533-b30f-952fcb86e67a" testName="Trazzo.Biometric.Agent.Tests.FingerprintCaptureResultTests.Succeeded_WithDeviceId_IncludesSerialInResult" computerName="LAPTOP-OFLRKUG1" duration="00:00:00.0000906" startTime="2026-06-10T11:23:08.1009794-05:00" endTime="2026-06-10T11:23:08.1010028-05:00" testType="13cdc9d9-ddb5-4fa4-a97d-d965ccfc6d4b" outcome="Passed" testListId="8c84fa94-04c1-424b-9868-57a2d4851a1d" relativeResultsDirectory="3d4c926a-1e50-427e-9f37-50def872a70d" />
    <UnitTestResult executionId="0e73d8ff-c9fd-4d44-be4b-2d7434096d8a" testId="f89fd57e-beb7-2863-59d1-234ffd48b175" testName="Trazzo.Biometric.Agent.Tests.LocalWebSocketServerServiceTests.MultiFrame_CuandoMensajeEnTresFrames_ProcesaMensajeCompleto" computerName="LAPTOP-OFLRKUG1" duration="00:00:00.0032161" startTime="2026-06-10T11:23:08.2478271-05:00" endTime="2026-06-10T11:23:08.2509294-05:00" testType="13cdc9d9-ddb5-4fa4-a97d-d965ccfc6d4b" outcome="Passed" testListId="8c84fa94-04c1-424b-9868-57a2d4851a1d" relativeResultsDirectory="0e73d8ff-c9fd-4d44-be4b-2d7434096d8a" />
    <UnitTestResult executionId="16b59ab6-765e-4d0c-8ff2-4f71ee3747cd" testId="bec9a82e-d2a6-3e75-c60a-2966218ebe59" testName="Trazzo.Biometric.Agent.Tests.ZKTecoScannerServiceTests.IdentifyFingerprintAsync_CuandoSinLector_RetornaFallo" computerName="LAPTOP-OFLRKUG1" duration="00:00:00.0008903" startTime="2026-06-10T11:23:11.0413368-05:00" endTime="2026-06-10T11:23:11.0424017-05:00" testType="13cdc9d9-ddb5-4fa4-a97d-d965ccfc6d4b" outcome="Passed" testListId="8c84fa94-04c1-424b-9868-57a2d4851a1d" relativeResultsDirectory="16b59ab6-765e-4d0c-8ff2-4f71ee3747cd" />
    <UnitTestResult executionId="8bc9812e-30fe-4b74-921d-d086de3cdd4d" testId="7a8c0ce9-78d3-94da-33e5-e925ee1b54ee" testName="Trazzo.Biometric.Agent.Tests.ZKTecoScannerServiceTests.IdentifyFingerprintAsync_CuandoCapturaExitosa_RetornaTemplateBase64" computerName="LAPTOP-OFLRKUG1" duration="00:00:00.7136625" startTime="2026-06-10T11:23:08.9006121-05:00" endTime="2026-06-10T11:23:09.6135685-05:00" testType="13cdc9d9-ddb5-4fa4-a97d-d965ccfc6d4b" outcome="Passed" testListId="8c84fa94-04c1-424b-9868-57a2d4851a1d" relativeResultsDirectory="8bc9812e-30fe-4b74-921d-d086de3cdd4d" />
    <UnitTestResult executionId="a0c8cda9-b20a-4683-9322-82bebd1d7393" testId="91e07512-44b8-f5f2-71c9-1ccbce7aed48" testName="Trazzo.Biometric.Agent.Tests.HybridCryptographyServiceTests.InitializeAsync_WhenFetcherThrows_FallsBackToUnconfigured" computerName="LAPTOP-OFLRKUG1" duration="00:00:00.0522960" startTime="2026-06-10T11:23:08.0599027-05:00" endTime="2026-06-10T11:23:08.1000799-05:00" testType="13cdc9d9-ddb5-4fa4-a97d-d965ccfc6d4b" outcome="Passed" testListId="8c84fa94-04c1-424b-9868-57a2d4851a1d" relativeResultsDirectory="a0c8cda9-b20a-4683-9322-82bebd1d7393" />
    <UnitTestResult executionId="a7ca99c1-2f2d-4d79-94a9-24e165781771" testId="8299f01e-a87b-0582-10a3-5c657d27cfe8" testName="Trazzo.Biometric.Agent.Tests.HybridCryptographyServiceTests.TryEncryptTemplate_WhenNotConfigured_ReturnsNull" computerName="LAPTOP-OFLRKUG1" duration="00:00:00.0003140" startTime="2026-06-10T11:23:08.3282946-05:00" endTime="2026-06-10T11:23:08.3283468-05:00" testType="13cdc9d9-ddb5-4fa4-a97d-d965ccfc6d4b" outcome="Passed" testListId="8c84fa94-04c1-424b-9868-57a2d4851a1d" relativeResultsDirectory="a7ca99c1-2f2d-4d79-94a9-24e165781771" />
    <UnitTestResult executionId="dccc084f-c6bc-48b4-a6d5-db33704bc6c0" testId="579490ea-27c0-6373-bd61-4b515559b8ba" testName="Trazzo.Biometric.Agent.Tests.SqliteEventQueueTests.GetPendingAsync_IncludesDeviceId" computerName="LAPTOP-OFLRKUG1" duration="00:00:00.0007106" startTime="2026-06-10T11:23:08.2062044-05:00" endTime="2026-06-10T11:23:08.2066333-05:00" testType="13cdc9d9-ddb5-4fa4-a97d-d965ccfc6d4b" outcome="Passed" testListId="8c84fa94-04c1-424b-9868-57a2d4851a1d" relativeResultsDirectory="dccc084f-c6bc-48b4-a6d5-db33704bc6c0" />
    <UnitTestResult executionId="a106b93f-a577-4ba4-9846-f0c34656f699" testId="8d631384-2243-7f61-43a6-02bc7f53a20f" testName="Trazzo.Biometric.Agent.Tests.ZKTecoScannerServiceTests.CaptureFingerprintAsync_CuandoYaHayOperacionEnProgreso_RetornaOcupado" computerName="LAPTOP-OFLRKUG1" duration="00:00:00.7234366" startTime="2026-06-10T11:23:11.0428204-05:00" endTime="2026-06-10T11:23:11.7669393-05:00" testType="13cdc9d9-ddb5-4fa4-a97d-d965ccfc6d4b" outcome="Passed" testListId="8c84fa94-04c1-424b-9868-57a2d4851a1d" relativeResultsDirectory="a106b93f-a577-4ba4-9846-f0c34656f699" />
    <UnitTestResult executionId="37bc059f-7135-40a2-8efa-656979dcceeb" testId="0d4b0861-1215-3f34-fcb0-243ac66a4065" testName="Trazzo.Biometric.Agent.Tests.HybridCryptographyServiceTests.TryEncryptTemplate_WhenConfigured_IvAndTagAreDifferentEachCall" computerName="LAPTOP-OFLRKUG1" duration="00:00:00.0661578" startTime="2026-06-10T11:23:08.2620195-05:00" endTime="2026-06-10T11:23:08.3275880-05:00" testType="13cdc9d9-ddb5-4fa4-a97d-d965ccfc6d4b" outcome="Passed" testListId="8c84fa94-04c1-424b-9868-57a2d4851a1d" relativeResultsDirectory="37bc059f-7135-40a2-8efa-656979dcceeb" />
    <UnitTestResult executionId="8e24b1ae-5a88-494b-bc48-d5de455ac0d4" testId="805d435a-ad6c-be1a-e400-8734d22c935b" testName="Trazzo.Biometric.Agent.Tests.FingerprintImageConverterTests.ConvertGrayscaleRawToPng_CuandoBufferMenorQueImagenEsperada_LanzaArgumentException" computerName="LAPTOP-OFLRKUG1" duration="00:00:00.0041660" startTime="2026-06-10T11:23:08.0599502-05:00" endTime="2026-06-10T11:23:08.0606222-05:00" testType="13cdc9d9-ddb5-4fa4-a97d-d965ccfc6d4b" outcome="Passed" testListId="8c84fa94-04c1-424b-9868-57a2d4851a1d" relativeResultsDirectory="8e24b1ae-5a88-494b-bc48-d5de455ac0d4" />
    <UnitTestResult executionId="89ddd971-57ff-482a-ab98-0a5e9c6c0c26" testId="0584929e-172a-d085-86be-f517039778c3" testName="Trazzo.Biometric.Agent.Tests.EventForwarderServiceTests.TryForwardPendingAsync_CuandoSenderExitoso_MarcaEventosComoEnviados" computerName="LAPTOP-OFLRKUG1" duration="00:00:00.0049869" startTime="2026-06-10T11:23:08.1019983-05:00" endTime="2026-06-10T11:23:08.1072302-05:00" testType="13cdc9d9-ddb5-4fa4-a97d-d965ccfc6d4b" outcome="Passed" testListId="8c84fa94-04c1-424b-9868-57a2d4851a1d" relativeResultsDirectory="89ddd971-57ff-482a-ab98-0a5e9c6c0c26" />
    <UnitTestResult executionId="e1a9e175-5051-425c-b803-e4b3ecbaa977" testId="f45bb5a1-39d5-d815-5479-bebfec1c4de6" testName="Trazzo.Biometric.Agent.Tests.EventForwarderServiceTests.BuildHttpSender_CuandoTokenConfigurado_EnviaAuthorizationHeader" computerName="LAPTOP-OFLRKUG1" duration="00:00:00.0572312" startTime="2026-06-10T11:23:08.1081979-05:00" endTime="2026-06-10T11:23:08.1542902-05:00" testType="13cdc9d9-ddb5-4fa4-a97d-d965ccfc6d4b" outcome="Passed" testListId="8c84fa94-04c1-424b-9868-57a2d4851a1d" relativeResultsDirectory="e1a9e175-5051-425c-b803-e4b3ecbaa977" />
    <UnitTestResult executionId="f953e3a5-99eb-4102-9076-fb078bae713a" testId="3bef4283-4395-58f2-8bed-c0bd0aa554b6" testName="Trazzo.Biometric.Agent.Tests.FingerprintImageConverterTests.ConvertGrayscaleRawToPng_MimeTypeEsImagenPng" computerName="LAPTOP-OFLRKUG1" duration="00:00:00.0001075" startTime="2026-06-10T11:23:08.1486195-05:00" endTime="2026-06-10T11:23:08.1486451-05:00" testType="13cdc9d9-ddb5-4fa4-a97d-d965ccfc6d4b" outcome="Passed" testListId="8c84fa94-04c1-424b-9868-57a2d4851a1d" relativeResultsDirectory="f953e3a5-99eb-4102-9076-fb078bae713a" />
    <UnitTestResult executionId="0e8ac6e8-61f1-4077-a9f3-cdbb100546f7" testId="71006c03-551d-007a-b022-4a9ac4d0fc24" testName="Trazzo.Biometric.Agent.Tests.WebSocketResponseTests.HandleMessageAsync_ForCaptureWithEncryptedTemplate_EnqueuesEvent" computerName="LAPTOP-OFLRKUG1" duration="00:00:00.0024487" startTime="2026-06-10T11:23:08.1593799-05:00" endTime="2026-06-10T11:23:08.1613319-05:00" testType="13cdc9d9-ddb5-4fa4-a97d-d965ccfc6d4b" outcome="Passed" testListId="8c84fa94-04c1-424b-9868-57a2d4851a1d" relativeResultsDirectory="0e8ac6e8-61f1-4077-a9f3-cdbb100546f7" />
    <UnitTestResult executionId="77fb9bf3-ea05-4b89-bfb6-adb4bcb475a4" testId="19244e69-dc89-c025-2c31-814bc5ec1b30" testName="Trazzo.Biometric.Agent.Tests.ZKTecoScannerServiceTests.CaptureFingerprintAsync_WhenCaptureSucceeds_IncludesDeviceSerial" computerName="LAPTOP-OFLRKUG1" duration="00:00:00.7124481" startTime="2026-06-10T11:23:10.3264949-05:00" endTime="2026-06-10T11:23:11.0394181-05:00" testType="13cdc9d9-ddb5-4fa4-a97d-d965ccfc6d4b" outcome="Passed" testListId="8c84fa94-04c1-424b-9868-57a2d4851a1d" relativeResultsDirectory="77fb9bf3-ea05-4b89-bfb6-adb4bcb475a4" />
    <UnitTestResult executionId="63e46ae0-340a-4c77-9ace-df777b7a9e1e" testId="f21ee1ad-36ef-c385-5ab9-4c3bd18dfbca" testName="Trazzo.Biometric.Agent.Tests.LocalWebSocketServerServiceTests.MultiFrame_CuandoMensajeEnDosFrames_ProcesaMensajeCompleto" computerName="LAPTOP-OFLRKUG1" duration="00:00:00.0113987" startTime="2026-06-10T11:23:08.2144455-05:00" endTime="2026-06-10T11:23:08.2254295-05:00" testType="13cdc9d9-ddb5-4fa4-a97d-d965ccfc6d4b" outcome="Passed" testListId="8c84fa94-04c1-424b-9868-57a2d4851a1d" relativeResultsDirectory="63e46ae0-340a-4c77-9ace-df777b7a9e1e" />
    <UnitTestResult executionId="2427710f-9ea0-4d1f-acd0-90406a82ca3f" testId="dbfc32b1-a29c-a440-db71-ccda1dc771e0" testName="Trazzo.Biometric.Agent.Tests.ZKTecoScannerServiceTests.CaptureFingerprintAsync_WhenDeviceIsMissing_ReturnsFailure" computerName="LAPTOP-OFLRKUG1" duration="00:00:00.0012528" startTime="2026-06-10T11:23:11.0399515-05:00" endTime="2026-06-10T11:23:11.0409005-05:00" testType="13cdc9d9-ddb5-4fa4-a97d-d965ccfc6d4b" outcome="Passed" testListId="8c84fa94-04c1-424b-9868-57a2d4851a1d" relativeResultsDirectory="2427710f-9ea0-4d1f-acd0-90406a82ca3f" />
    <UnitTestResult executionId="ae35441d-577b-4ff4-9fc4-144e200a9022" testId="0ee4e9e7-dc52-e4ba-ee51-b543979f9a7c" testName="Trazzo.Biometric.Agent.Tests.FingerprintCaptureResultTests.Succeeded_WithEncryptedTemplate_NullsOutPlainBase64" computerName="LAPTOP-OFLRKUG1" duration="00:00:00.0022248" startTime="2026-06-10T11:23:08.0991759-05:00" endTime="2026-06-10T11:23:08.1003919-05:00" testType="13cdc9d9-ddb5-4fa4-a97d-d965ccfc6d4b" outcome="Passed" testListId="8c84fa94-04c1-424b-9868-57a2d4851a1d" relativeResultsDirectory="ae35441d-577b-4ff4-9fc4-144e200a9022" />
    <UnitTestResult executionId="46f5dd3e-8f6e-4ac0-bacd-5f8668ba7bab" testId="a9433472-899b-e2a3-1544-ccfdf3e9c840" testName="Trazzo.Biometric.Agent.Tests.WebSocketResponseTests.HandleMessageAsync_ForHealthCheck_ReturnsHealthResultJson" computerName="LAPTOP-OFLRKUG1" duration="00:00:00.0011126" startTime="2026-06-10T11:23:08.1643166-05:00" endTime="2026-06-10T11:23:08.1644843-05:00" testType="13cdc9d9-ddb5-4fa4-a97d-d965ccfc6d4b" outcome="Passed" testListId="8c84fa94-04c1-424b-9868-57a2d4851a1d" relativeResultsDirectory="46f5dd3e-8f6e-4ac0-bacd-5f8668ba7bab" />
    <UnitTestResult executionId="ffcca4b4-5c31-4971-b259-120caece6eac" testId="cf5812b8-64c1-26dd-04ba-bc36381c7180" testName="Trazzo.Biometric.Agent.Tests.AutoUpdateServiceTests.CheckAndApplyUpdateAsync_WhenManifestHasInvalidVersion_DoesNotDownload" computerName="LAPTOP-OFLRKUG1" duration="00:00:00.0004943" startTime="2026-06-10T11:23:08.1713489-05:00" endTime="2026-06-10T11:23:08.1713691-05:00" testType="13cdc9d9-ddb5-4fa4-a97d-d965ccfc6d4b" outcome="Passed" testListId="8c84fa94-04c1-424b-9868-57a2d4851a1d" relativeResultsDirectory="ffcca4b4-5c31-4971-b259-120caece6eac" />
    <UnitTestResult executionId="da0e70e7-4bee-4683-9363-a420d9981b9e" testId="f57211d9-064c-e309-45e7-613ddb1a1fdc" testName="Trazzo.Biometric.Agent.Tests.ZKTecoErrorMapperTests.ToMessage_ReturnsExpectedMessage(code: -1, expected: &quot;La operación del SDK ZKTeco falló.&quot;)" computerName="LAPTOP-OFLRKUG1" duration="00:00:00.0000047" startTime="2026-06-10T11:23:08.0939639-05:00" endTime="2026-06-10T11:23:08.0940079-05:00" testType="13cdc9d9-ddb5-4fa4-a97d-d965ccfc6d4b" outcome="Passed" testListId="8c84fa94-04c1-424b-9868-57a2d4851a1d" relativeResultsDirectory="da0e70e7-4bee-4683-9363-a420d9981b9e" />
    <UnitTestResult executionId="8d45b59e-34fd-45b0-9fa6-6f37faefbf67" testId="cedbd211-d312-b413-5b72-8607e38f33a0" testName="Trazzo.Biometric.Agent.Tests.AutoUpdateServiceTests.CheckAndApplyUpdateAsync_WhenRemoteVersionIsOlderThanCurrent_DoesNotDownload" computerName="LAPTOP-OFLRKUG1" duration="00:00:00.0007142" startTime="2026-06-10T11:23:08.1602300-05:00" endTime="2026-06-10T11:23:08.1602801-05:00" testType="13cdc9d9-ddb5-4fa4-a97d-d965ccfc6d4b" outcome="Passed" testListId="8c84fa94-04c1-424b-9868-57a2d4851a1d" relativeResultsDirectory="8d45b59e-34fd-45b0-9fa6-6f37faefbf67" />
    <UnitTestResult executionId="18d9dd4b-ea3e-4193-9e31-484a9d92e8a5" testId="403f5cac-140e-cb98-f06c-d6214cae58b2" testName="Trazzo.Biometric.Agent.Tests.AutoUpdateServiceTests.ExecuteAsync_WhenManifestUrlIsHttp_DoesNotFetch" computerName="LAPTOP-OFLRKUG1" duration="00:00:00.0014132" startTime="2026-06-10T11:23:08.1716969-05:00" endTime="2026-06-10T11:23:08.1729099-05:00" testType="13cdc9d9-ddb5-4fa4-a97d-d965ccfc6d4b" outcome="Passed" testListId="8c84fa94-04c1-424b-9868-57a2d4851a1d" relativeResultsDirectory="18d9dd4b-ea3e-4193-9e31-484a9d92e8a5" />
    <UnitTestResult executionId="2eef4e7f-0ad1-4ec2-b281-823fcee036ec" testId="3cb42c20-5e75-1a76-2424-25a5040b4ac0" testName="Trazzo.Biometric.Agent.Tests.HybridCryptographyServiceTests.IsConfigured_WhenFetcherReturnsNull_ReturnsFalse" computerName="LAPTOP-OFLRKUG1" duration="00:00:00.0003720" startTime="2026-06-10T11:23:08.2612795-05:00" endTime="2026-06-10T11:23:08.2613050-05:00" testType="13cdc9d9-ddb5-4fa4-a97d-d965ccfc6d4b" outcome="Passed" testListId="8c84fa94-04c1-424b-9868-57a2d4851a1d" relativeResultsDirectory="2eef4e7f-0ad1-4ec2-b281-823fcee036ec" />
    <UnitTestResult executionId="952ff680-7777-4af4-b299-f1cdb314f949" testId="8f0f0644-8455-1483-7c29-bdc6961e2801" testName="Trazzo.Biometric.Agent.Tests.FingerprintImageConverterTests.ConvertGrayscaleRawToPng_ResultadoEmpiezaConFirmaPng" computerName="LAPTOP-OFLRKUG1" duration="00:00:00.0003471" startTime="2026-06-10T11:23:08.1500976-05:00" endTime="2026-06-10T11:23:08.1501283-05:00" testType="13cdc9d9-ddb5-4fa4-a97d-d965ccfc6d4b" outcome="Passed" testListId="8c84fa94-04c1-424b-9868-57a2d4851a1d" relativeResultsDirectory="952ff680-7777-4af4-b299-f1cdb314f949" />
    <UnitTestResult executionId="56b0ec1a-1587-434a-adb5-112cdfcda6b7" testId="f57d3d64-8b6f-a17c-f88d-23fb00d68d92" testName="Trazzo.Biometric.Agent.Tests.HybridCryptographyServiceTests.IsConfigured_WhenFetcherReturnsInvalidBase64_ReturnsFalse" computerName="LAPTOP-OFLRKUG1" duration="00:00:00.0004174" startTime="2026-06-10T11:23:08.3279873-05:00" endTime="2026-06-10T11:23:08.3280129-05:00" testType="13cdc9d9-ddb5-4fa4-a97d-d965ccfc6d4b" outcome="Passed" testListId="8c84fa94-04c1-424b-9868-57a2d4851a1d" relativeResultsDirectory="56b0ec1a-1587-434a-adb5-112cdfcda6b7" />
    <UnitTestResult executionId="87b07106-a97a-4a75-aecb-db9eb391d867" testId="66f6c518-6e6d-7505-6efa-dc08b699fc89" testName="Trazzo.Biometric.Agent.Tests.FingerprintImageConverterTests.ConvertGrayscaleRawToPng_BufferMayorQueImagenEsperada_NoLanzaExcepcion" computerName="LAPTOP-OFLRKUG1" duration="00:00:00.0002286" startTime="2026-06-10T11:23:08.1490498-05:00" endTime="2026-06-10T11:23:08.1490935-05:00" testType="13cdc9d9-ddb5-4fa4-a97d-d965ccfc6d4b" outcome="Passed" testListId="8c84fa94-04c1-424b-9868-57a2d4851a1d" relativeResultsDirectory="87b07106-a97a-4a75-aecb-db9eb391d867" />
    <UnitTestResult executionId="8a00472f-8760-43d0-be08-0c2e541144e7" testId="eb8c2998-f324-8b24-7ee4-1d388104d26a" testName="Trazzo.Biometric.Agent.Tests.AutoUpdateServiceTests.CheckAndApplyUpdateAsync_WhenNetworkThrows_DoesNotThrow" computerName="LAPTOP-OFLRKUG1" duration="00:00:00.0005060" startTime="2026-06-10T11:23:08.1572660-05:00" endTime="2026-06-10T11:23:08.1577126-05:00" testType="13cdc9d9-ddb5-4fa4-a97d-d965ccfc6d4b" outcome="Passed" testListId="8c84fa94-04c1-424b-9868-57a2d4851a1d" relativeResultsDirectory="8a00472f-8760-43d0-be08-0c2e541144e7" />
    <UnitTestResult executionId="106958d2-cab7-490a-91e2-03fc8857afa6" testId="795244a9-dd7b-acb2-d1e8-9d964dd22fb3" testName="Trazzo.Biometric.Agent.Tests.ZKTecoScannerServiceTests.EnrollFingerprintAsync_CuandaTresCapturasExitosas_RetornaTemplateRegistrado" computerName="LAPTOP-OFLRKUG1" duration="00:00:00.8626936" startTime="2026-06-10T11:23:08.0599630-05:00" endTime="2026-06-10T11:23:08.8993779-05:00" testType="13cdc9d9-ddb5-4fa4-a97d-d965ccfc6d4b" outcome="Passed" testListId="8c84fa94-04c1-424b-9868-57a2d4851a1d" relativeResultsDirectory="106958d2-cab7-490a-91e2-03fc8857afa6" />
    <UnitTestResult executionId="34e61ffc-ae06-41b6-b168-58b243e0d15f" testId="fee48c44-542b-3a3a-88a5-769d5791d488" testName="Trazzo.Biometric.Agent.Tests.EventForwarderServiceTests.TryForwardPendingAsync_CuandoSenderLanzaExcepcion_MarcaEventoComoFallido" computerName="LAPTOP-OFLRKUG1" duration="00:00:00.0005929" startTime="2026-06-10T11:23:08.1576810-05:00" endTime="2026-06-10T11:23:08.1581005-05:00" testType="13cdc9d9-ddb5-4fa4-a97d-d965ccfc6d4b" outcome="Passed" testListId="8c84fa94-04c1-424b-9868-57a2d4851a1d" relativeResultsDirectory="34e61ffc-ae06-41b6-b168-58b243e0d15f" />
    <UnitTestResult executionId="7a92ee1f-0545-4b36-a4ec-c9ea1874fbe6" testId="e601fe41-51fd-634c-4caf-0c86658944e6" testName="Trazzo.Biometric.Agent.Tests.AutoUpdateServiceTests.CheckAndApplyUpdateAsync_WhenManifestReturns503_DoesNotThrow" computerName="LAPTOP-OFLRKUG1" duration="00:00:00.0003518" startTime="2026-06-10T11:23:08.1606514-05:00" endTime="2026-06-10T11:23:08.1609222-05:00" testType="13cdc9d9-ddb5-4fa4-a97d-d965ccfc6d4b" outcome="Passed" testListId="8c84fa94-04c1-424b-9868-57a2d4851a1d" relativeResultsDirectory="7a92ee1f-0545-4b36-a4ec-c9ea1874fbe6" />
    <UnitTestResult executionId="355d0a02-25a8-4ac8-9209-9451e7768a70" testId="a2f52ec8-650a-c85e-719c-775c4714c10f" testName="Trazzo.Biometric.Agent.Tests.ZKTecoErrorMapperTests.ToMessage_ReturnsExpectedMessage(code: 999, expected: &quot;El SDK ZKTeco devolvió el código de error 999.&quot;)" computerName="LAPTOP-OFLRKUG1" duration="00:00:00.0000104" startTime="2026-06-10T11:23:08.0943517-05:00" endTime="2026-06-10T11:23:08.0943962-05:00" testType="13cdc9d9-ddb5-4fa4-a97d-d965ccfc6d4b" outcome="Passed" testListId="8c84fa94-04c1-424b-9868-57a2d4851a1d" relativeResultsDirectory="355d0a02-25a8-4ac8-9209-9451e7768a70" />
    <UnitTestResult executionId="d129acc9-cc77-40fc-8f84-b86ba3997b73" testId="002718a4-7901-8d4a-918b-dbbf895691d8" testName="Trazzo.Biometric.Agent.Tests.AutoUpdateServiceTests.CheckAndApplyUpdateAsync_WhenDownloadReturns404_DoesNotApplyUpdate" computerName="LAPTOP-OFLRKUG1" duration="00:00:00.0015326" startTime="2026-06-10T11:23:08.1580615-05:00" endTime="2026-06-10T11:23:08.1598550-05:00" testType="13cdc9d9-ddb5-4fa4-a97d-d965ccfc6d4b" outcome="Passed" testListId="8c84fa94-04c1-424b-9868-57a2d4851a1d" relativeResultsDirectory="d129acc9-cc77-40fc-8f84-b86ba3997b73" />
    <UnitTestResult executionId="24fc4426-7d9e-47e6-a001-87532e2d0af3" testId="ba733af7-e693-e8fd-c1a8-ef2931063550" testName="Trazzo.Biometric.Agent.Tests.SqliteEventQueueTests.MarkSentAsync_CambiasStatusAEnviado" computerName="LAPTOP-OFLRKUG1" duration="00:00:00.0012225" startTime="2026-06-10T11:23:08.2113044-05:00" endTime="2026-06-10T11:23:08.2119927-05:00" testType="13cdc9d9-ddb5-4fa4-a97d-d965ccfc6d4b" outcome="Passed" testListId="8c84fa94-04c1-424b-9868-57a2d4851a1d" relativeResultsDirectory="24fc4426-7d9e-47e6-a001-87532e2d0af3" />
    <UnitTestResult executionId="9edff275-5f4a-4a56-8820-5d041842e7a0" testId="3b42018b-735c-a3c0-6937-f17fb9e5fce1" testName="Trazzo.Biometric.Agent.Tests.AutoUpdateServiceTests.ExecuteAsync_WhenDisabled_DoesNotFetch" computerName="LAPTOP-OFLRKUG1" duration="00:00:00.0052712" startTime="2026-06-10T11:23:08.1612917-05:00" endTime="2026-06-10T11:23:08.1677244-05:00" testType="13cdc9d9-ddb5-4fa4-a97d-d965ccfc6d4b" outcome="Passed" testListId="8c84fa94-04c1-424b-9868-57a2d4851a1d" relativeResultsDirectory="9edff275-5f4a-4a56-8820-5d041842e7a0" />
    <UnitTestResult executionId="89756073-5495-4f48-8fc7-fbda6b0629fb" testId="3e7c2995-0b0f-4d24-f1c5-a68d3c527e8d" testName="Trazzo.Biometric.Agent.Tests.WebSocketResponseTests.HandleMessageAsync_ForUnsupportedType_ReturnsErrorJson" computerName="LAPTOP-OFLRKUG1" duration="00:00:00.0003458" startTime="2026-06-10T11:23:08.1706236-05:00" endTime="2026-06-10T11:23:08.1708422-05:00" testType="13cdc9d9-ddb5-4fa4-a97d-d965ccfc6d4b" outcome="Passed" testListId="8c84fa94-04c1-424b-9868-57a2d4851a1d" relativeResultsDirectory="89756073-5495-4f48-8fc7-fbda6b0629fb" />
    <UnitTestResult executionId="93eeb458-051e-46cb-9bd9-2b28cb4c7c0e" testId="988a3d2e-086d-0592-8f5b-750bbe83efce" testName="Trazzo.Biometric.Agent.Tests.FingerprintQualityAnalyzerTests.Analyze_CuandoHuellaNoEstaCentrada_RetornaNocentrada" computerName="LAPTOP-OFLRKUG1" duration="00:00:00.0002054" startTime="2026-06-10T11:23:08.0958956-05:00" endTime="2026-06-10T11:23:08.0959312-05:00" testType="13cdc9d9-ddb5-4fa4-a97d-d965ccfc6d4b" outcome="Passed" testListId="8c84fa94-04c1-424b-9868-57a2d4851a1d" relativeResultsDirectory="93eeb458-051e-46cb-9bd9-2b28cb4c7c0e" />
    <UnitTestResult executionId="c949cda9-529f-4988-88f1-6a17f8ccaa31" testId="b6dd5f15-5428-5d4d-bd3b-2330b8cff388" testName="Trazzo.Biometric.Agent.Tests.LocalWebSocketServerServiceTests.HealthEndpoint_CuandoGetASlashHealth_Devuelve200ConJson" computerName="LAPTOP-OFLRKUG1" duration="00:00:00.0033073" startTime="2026-06-10T11:23:08.2442509-05:00" endTime="2026-06-10T11:23:08.2474590-05:00" testType="13cdc9d9-ddb5-4fa4-a97d-d965ccfc6d4b" outcome="Passed" testListId="8c84fa94-04c1-424b-9868-57a2d4851a1d" relativeResultsDirectory="c949cda9-529f-4988-88f1-6a17f8ccaa31" />
    <UnitTestResult executionId="3ffedcea-0ca6-4b35-86f8-cd4eecdc71da" testId="c5c8ea49-1234-fe40-8872-bcaa0120e8a7" testName="Trazzo.Biometric.Agent.Tests.SqliteEventQueueTests.GetPendingAsync_ReturnsPendingEnOrdenDeInsercion" computerName="LAPTOP-OFLRKUG1" duration="00:00:00.0009802" startTime="2026-06-10T11:23:08.2100849-05:00" endTime="2026-06-10T11:23:08.2106801-05:00" testType="13cdc9d9-ddb5-4fa4-a97d-d965ccfc6d4b" outcome="Passed" testListId="8c84fa94-04c1-424b-9868-57a2d4851a1d" relativeResultsDirectory="3ffedcea-0ca6-4b35-86f8-cd4eecdc71da" />
    <UnitTestResult executionId="fef77a7a-7f21-4397-a218-05f1e687b496" testId="ddd5b50e-1fb7-9545-2537-710da6ceac0a" testName="Trazzo.Biometric.Agent.Tests.SqliteEventQueueTests.MarkSentAsync_ConListaVacia_NoFalla" computerName="LAPTOP-OFLRKUG1" duration="00:00:00.0007120" startTime="2026-06-10T11:23:08.2093203-05:00" endTime="2026-06-10T11:23:08.2096292-05:00" testType="13cdc9d9-ddb5-4fa4-a97d-d965ccfc6d4b" outcome="Passed" testListId="8c84fa94-04c1-424b-9868-57a2d4851a1d" relativeResultsDirectory="fef77a7a-7f21-4397-a218-05f1e687b496" />
    <UnitTestResult executionId="f381a2c5-860f-4b89-bdd4-91bae3ec0805" testId="f846e004-47ca-d0b2-f1e4-d0ed6a721797" testName="Trazzo.Biometric.Agent.Tests.LocalWebSocketServerServiceTests.OriginAuth_CuandoOrigenNoPermitido_RechazaConexion" computerName="LAPTOP-OFLRKUG1" duration="00:00:00.0054826" startTime="2026-06-10T11:23:08.2383356-05:00" endTime="2026-06-10T11:23:08.2438012-05:00" testType="13cdc9d9-ddb5-4fa4-a97d-d965ccfc6d4b" outcome="Passed" testListId="8c84fa94-04c1-424b-9868-57a2d4851a1d" relativeResultsDirectory="f381a2c5-860f-4b89-bdd4-91bae3ec0805" />
    <UnitTestResult executionId="eb96ca79-b8bf-4025-84fa-c300443f6c56" testId="87b523da-5bed-45a2-312d-e684bf6a5a5d" testName="Trazzo.Biometric.Agent.Tests.EventForwarderServiceTests.TryForwardPendingAsync_CuandoSenderLanzaExcepcion_RetornaTrue" computerName="LAPTOP-OFLRKUG1" duration="00:00:00.0544563" startTime="2026-06-10T11:23:08.0593172-05:00" endTime="2026-06-10T11:23:08.1011607-05:00" testType="13cdc9d9-ddb5-4fa4-a97d-d965ccfc6d4b" outcome="Passed" testListId="8c84fa94-04c1-424b-9868-57a2d4851a1d" relativeResultsDirectory="eb96ca79-b8bf-4025-84fa-c300443f6c56" />
    <UnitTestResult executionId="181d296e-1587-4013-97f4-404d7447b62a" testId="e1f670b0-d8ac-0401-2256-1fae79e23452" testName="Trazzo.Biometric.Agent.Tests.FingerprintQualityAnalyzerTests.Analyze_CuandoAnchoEsCero_RetornaFallo" computerName="LAPTOP-OFLRKUG1" duration="00:00:00.0000740" startTime="2026-06-10T11:23:08.0995166-05:00" endTime="2026-06-10T11:23:08.0995500-05:00" testType="13cdc9d9-ddb5-4fa4-a97d-d965ccfc6d4b" outcome="Passed" testListId="8c84fa94-04c1-424b-9868-57a2d4851a1d" relativeResultsDirectory="181d296e-1587-4013-97f4-404d7447b62a" />
    <UnitTestResult executionId="1f70d8e4-b132-4432-9695-5394425ffd63" testId="754a3305-137f-bb35-ff39-bbd6ab764e8d" testName="Trazzo.Biometric.Agent.Tests.SqliteEventQueueTests.PruneAsync_EliminaEventosEnviadosAntiguos" computerName="LAPTOP-OFLRKUG1" duration="00:00:00.0031147" startTime="2026-06-10T11:23:08.2023745-05:00" endTime="2026-06-10T11:23:08.2047517-05:00" testType="13cdc9d9-ddb5-4fa4-a97d-d965ccfc6d4b" outcome="Passed" testListId="8c84fa94-04c1-424b-9868-57a2d4851a1d" relativeResultsDirectory="1f70d8e4-b132-4432-9695-5394425ffd63" />
    <UnitTestResult executionId="28bbbd74-16df-4b40-88d3-8d9ef135cee0" testId="180f2a7c-b991-8969-6ff6-4094a7d73c23" testName="Trazzo.Biometric.Agent.Tests.FingerprintQualityAnalyzerTests.Analyze_CuandoBufferMenorQueImagenEsperada_RetornaFallo" computerName="LAPTOP-OFLRKUG1" duration="00:00:00.0001439" startTime="2026-06-10T11:23:08.0870365-05:00" endTime="2026-06-10T11:23:08.0877839-05:00" testType="13cdc9d9-ddb5-4fa4-a97d-d965ccfc6d4b" outcome="Passed" testListId="8c84fa94-04c1-424b-9868-57a2d4851a1d" relativeResultsDirectory="28bbbd74-16df-4b40-88d3-8d9ef135cee0" />
    <UnitTestResult executionId="9d348e61-4af6-4670-8dc5-5186bf02a108" testId="ea6d3cc5-f58f-298d-d8f7-397b62ca26fd" testName="Trazzo.Biometric.Agent.Tests.FingerprintQualityAnalyzerTests.Analyze_CuandoContrasteInsuficiente_RetornaContrasteInsuficiente" computerName="LAPTOP-OFLRKUG1" duration="00:00:00.0001642" startTime="2026-06-10T11:23:08.0998495-05:00" endTime="2026-06-10T11:23:08.0998793-05:00" testType="13cdc9d9-ddb5-4fa4-a97d-d965ccfc6d4b" outcome="Passed" testListId="8c84fa94-04c1-424b-9868-57a2d4851a1d" relativeResultsDirectory="9d348e61-4af6-4670-8dc5-5186bf02a108" />
    <UnitTestResult executionId="3384210c-b106-450f-a898-b7f62e395cf6" testId="3bf18116-cc34-a296-a672-708a7369978a" testName="Trazzo.Biometric.Agent.Tests.SqliteEventQueueTests.GetPendingAsync_RespetaElLimite" computerName="LAPTOP-OFLRKUG1" duration="00:00:00.1597966" startTime="2026-06-10T11:23:08.0599157-05:00" endTime="2026-06-10T11:23:08.1962495-05:00" testType="13cdc9d9-ddb5-4fa4-a97d-d965ccfc6d4b" outcome="Passed" testListId="8c84fa94-04c1-424b-9868-57a2d4851a1d" relativeResultsDirectory="3384210c-b106-450f-a898-b7f62e395cf6" />
    <UnitTestResult executionId="b326c299-e3fe-4e88-8b07-f8325fefb194" testId="a9ab140c-1376-577f-28f9-0566d4fea9c1" testName="Trazzo.Biometric.Agent.Tests.LocalWebSocketServerServiceTests.OriginAuth_CuandoListaVacia_AceptaCualquierOrigen" computerName="LAPTOP-OFLRKUG1" duration="00:00:00.0040955" startTime="2026-06-10T11:23:08.2337764-05:00" endTime="2026-06-10T11:23:08.2379081-05:00" testType="13cdc9d9-ddb5-4fa4-a97d-d965ccfc6d4b" outcome="Passed" testListId="8c84fa94-04c1-424b-9868-57a2d4851a1d" relativeResultsDirectory="b326c299-e3fe-4e88-8b07-f8325fefb194" />
    <UnitTestResult executionId="e9b0cc28-9ea8-4ed7-87aa-53d8a7c7e8ac" testId="e351e973-3418-4608-ed2e-f687e0a3bcec" testName="Trazzo.Biometric.Agent.Tests.FingerprintQualityAnalyzerTests.Analyze_CuandoHuellaValida_RetornaCoberturaYContrasteCalculadosCorrectamente" computerName="LAPTOP-OFLRKUG1" duration="00:00:00.0022719" startTime="2026-06-10T11:23:08.0963089-05:00" endTime="2026-06-10T11:23:08.0992130-05:00" testType="13cdc9d9-ddb5-4fa4-a97d-d965ccfc6d4b" outcome="Passed" testListId="8c84fa94-04c1-424b-9868-57a2d4851a1d" relativeResultsDirectory="e9b0cc28-9ea8-4ed7-87aa-53d8a7c7e8ac" />
    <UnitTestResult executionId="847271c5-5e24-4af5-ab16-a2e2dc9ff410" testId="582e2b05-2564-119e-6503-c4df192c1695" testName="Trazzo.Biometric.Agent.Tests.WebSocketResponseTests.HandleMessageAsync_ForFingerprintCapture_ReturnsCaptureResultJson" computerName="LAPTOP-OFLRKUG1" duration="00:00:00.0057123" startTime="2026-06-10T11:23:08.1649584-05:00" endTime="2026-06-10T11:23:08.1702176-05:00" testType="13cdc9d9-ddb5-4fa4-a97d-d965ccfc6d4b" outcome="Passed" testListId="8c84fa94-04c1-424b-9868-57a2d4851a1d" relativeResultsDirectory="847271c5-5e24-4af5-ab16-a2e2dc9ff410" />
    <UnitTestResult executionId="f59a34c6-f8b4-46c4-a19f-348695240147" testId="b080f7c6-982b-4268-1131-b343578adfc2" testName="Trazzo.Biometric.Agent.Tests.HybridCryptographyServiceTests.TryEncryptTemplate_WhenConfigured_ReturnsNonNullPayload" computerName="LAPTOP-OFLRKUG1" duration="00:00:00.0655823" startTime="2026-06-10T11:23:08.1003584-05:00" endTime="2026-06-10T11:23:08.1547469-05:00" testType="13cdc9d9-ddb5-4fa4-a97d-d965ccfc6d4b" outcome="Passed" testListId="8c84fa94-04c1-424b-9868-57a2d4851a1d" relativeResultsDirectory="f59a34c6-f8b4-46c4-a19f-348695240147" />
    <UnitTestResult executionId="dfb394d8-e137-4071-870a-b26a923b882d" testId="e80a94c4-8ffd-f1f4-5311-596e1b50484c" testName="Trazzo.Biometric.Agent.Tests.ZKTecoErrorMapperTests.ToMessage_ReturnsExpectedMessage(code: -3, expected: &quot;El SDK ZKTeco no está inicializado.&quot;)" computerName="LAPTOP-OFLRKUG1" duration="00:00:00.0481899" startTime="2026-06-10T11:23:08.0599275-05:00" endTime="2026-06-10T11:23:08.0848227-05:00" testType="13cdc9d9-ddb5-4fa4-a97d-d965ccfc6d4b" outcome="Passed" testListId="8c84fa94-04c1-424b-9868-57a2d4851a1d" relativeResultsDirectory="dfb394d8-e137-4071-870a-b26a923b882d" />
    <UnitTestResult executionId="568aa9fc-aacc-49b6-9b0b-25e7f0aa5bc6" testId="17e99e29-fca2-8fa5-4c43-d0f765065712" testName="Trazzo.Biometric.Agent.Tests.FingerprintCaptureResultTests.Succeeded_EncodesOnlyTemplateBytesWithinTemplateSize" computerName="LAPTOP-OFLRKUG1" duration="00:00:00.0001334" startTime="2026-06-10T11:23:08.1006528-05:00" endTime="2026-06-10T11:23:08.1006785-05:00" testType="13cdc9d9-ddb5-4fa4-a97d-d965ccfc6d4b" outcome="Passed" testListId="8c84fa94-04c1-424b-9868-57a2d4851a1d" relativeResultsDirectory="568aa9fc-aacc-49b6-9b0b-25e7f0aa5bc6" />
    <UnitTestResult executionId="db3b7f73-aa8f-4bd7-9f0c-bf97348e2aca" testId="f1b10120-0e4a-2bb0-13e7-404bfbedd3a9" testName="Trazzo.Biometric.Agent.Tests.AutoUpdateServiceTests.CheckAndApplyUpdateAsync_WhenSha256Mismatch_DoesNotApplyUpdate" computerName="LAPTOP-OFLRKUG1" duration="00:00:00.0058044" startTime="2026-06-10T11:23:08.1733070-05:00" endTime="2026-06-10T11:23:08.1790159-05:00" testType="13cdc9d9-ddb5-4fa4-a97d-d965ccfc6d4b" outcome="Passed" testListId="8c84fa94-04c1-424b-9868-57a2d4851a1d" relativeResultsDirectory="db3b7f73-aa8f-4bd7-9f0c-bf97348e2aca" />
    <UnitTestResult executionId="b5bd5c4f-4abd-4d5d-b504-6be175b4083a" testId="c93c5cca-751d-a08b-d7b9-7b2d990879b1" testName="Trazzo.Biometric.Agent.Tests.ZKTecoErrorMapperTests.ToMessage_ReturnsExpectedMessage(code: 0, expected: &quot;Operación completada correctamente.&quot;)" computerName="LAPTOP-OFLRKUG1" duration="00:00:00.0002038" startTime="2026-06-10T11:23:08.0863226-05:00" endTime="2026-06-10T11:23:08.0870700-05:00" testType="13cdc9d9-ddb5-4fa4-a97d-d965ccfc6d4b" outcome="Passed" testListId="8c84fa94-04c1-424b-9868-57a2d4851a1d" relativeResultsDirectory="b5bd5c4f-4abd-4d5d-b504-6be175b4083a" />
  </Results>
  <TestDefinitions>
    <UnitTest name="Trazzo.Biometric.Agent.Tests.EventForwarderServiceTests.TryForwardPendingAsync_CuandoTodosEnviados_RetornaFalse" storage="c:\users\pc\documents\github\trazzo\middleware\trazzo.biometric.agent.tests\bin\release\net10.0-windows\win-x64\trazzo.biometric.agent.tests.dll" id="466284bc-130b-0de1-4255-6146f92cbee0">
      <Execution id="83a72858-c535-47d9-8720-85d6da10bfe9" />
      <TestMethod codeBase="C:\Users\PC\Documents\GitHub\Trazzo\middleware\Trazzo.Biometric.Agent.Tests\bin\Release\net10.0-windows\win-x64\Trazzo.Biometric.Agent.Tests.dll" adapterTypeName="executor://xunit/VsTestRunner3/netcore/" className="Trazzo.Biometric.Agent.Tests.EventForwarderServiceTests" name="TryForwardPendingAsync_CuandoTodosEnviados_RetornaFalse" />
    </UnitTest>
    <UnitTest name="Trazzo.Biometric.Agent.Tests.WebSocketResponseTests.HandleMessageAsync_ForCaptureWithEncryptedTemplate_EnqueuesEvent" storage="c:\users\pc\documents\github\trazzo\middleware\trazzo.biometric.agent.tests\bin\release\net10.0-windows\win-x64\trazzo.biometric.agent.tests.dll" id="71006c03-551d-007a-b022-4a9ac4d0fc24">
      <Execution id="0e8ac6e8-61f1-4077-a9f3-cdbb100546f7" />
      <TestMethod codeBase="C:\Users\PC\Documents\GitHub\Trazzo\middleware\Trazzo.Biometric.Agent.Tests\bin\Release\net10.0-windows\win-x64\Trazzo.Biometric.Agent.Tests.dll" adapterTypeName="executor://xunit/VsTestRunner3/netcore/" className="Trazzo.Biometric.Agent.Tests.WebSocketResponseTests" name="HandleMessageAsync_ForCaptureWithEncryptedTemplate_EnqueuesEvent" />
    </UnitTest>
    <UnitTest name="Trazzo.Biometric.Agent.Tests.WebSocketResponseTests.HandleMessageAsync_ForHealthCheck_ReturnsHealthResultJson" storage="c:\users\pc\documents\github\trazzo\middleware\trazzo.biometric.agent.tests\bin\release\net10.0-windows\win-x64\trazzo.biometric.agent.tests.dll" id="a9433472-899b-e2a3-1544-ccfdf3e9c840">
      <Execution id="46f5dd3e-8f6e-4ac0-bacd-5f8668ba7bab" />
      <TestMethod codeBase="C:\Users\PC\Documents\GitHub\Trazzo\middleware\Trazzo.Biometric.Agent.Tests\bin\Release\net10.0-windows\win-x64\Trazzo.Biometric.Agent.Tests.dll" adapterTypeName="executor://xunit/VsTestRunner3/netcore/" className="Trazzo.Biometric.Agent.Tests.WebSocketResponseTests" name="HandleMessageAsync_ForHealthCheck_ReturnsHealthResultJson" />
    </UnitTest>
    <UnitTest name="Trazzo.Biometric.Agent.Tests.HybridCryptographyServiceTests.TryEncryptTemplate_WhenConfigured_ReturnsNonNullPayload" storage="c:\users\pc\documents\github\trazzo\middleware\trazzo.biometric.agent.tests\bin\release\net10.0-windows\win-x64\trazzo.biometric.agent.tests.dll" id="b080f7c6-982b-4268-1131-b343578adfc2">
      <Execution id="f59a34c6-f8b4-46c4-a19f-348695240147" />
      <TestMethod codeBase="C:\Users\PC\Documents\GitHub\Trazzo\middleware\Trazzo.Biometric.Agent.Tests\bin\Release\net10.0-windows\win-x64\Trazzo.Biometric.Agent.Tests.dll" adapterTypeName="executor://xunit/VsTestRunner3/netcore/" className="Trazzo.Biometric.Agent.Tests.HybridCryptographyServiceTests" name="TryEncryptTemplate_WhenConfigured_ReturnsNonNullPayload" />
    </UnitTest>
    <UnitTest name="Trazzo.Biometric.Agent.Tests.ZKTecoScannerServiceTests.IdentifyFingerprintAsync_CuandoCapturaExitosa_RetornaTemplateBase64" storage="c:\users\pc\documents\github\trazzo\middleware\trazzo.biometric.agent.tests\bin\release\net10.0-windows\win-x64\trazzo.biometric.agent.tests.dll" id="7a8c0ce9-78d3-94da-33e5-e925ee1b54ee">
      <Execution id="8bc9812e-30fe-4b74-921d-d086de3cdd4d" />
      <TestMethod codeBase="C:\Users\PC\Documents\GitHub\Trazzo\middleware\Trazzo.Biometric.Agent.Tests\bin\Release\net10.0-windows\win-x64\Trazzo.Biometric.Agent.Tests.dll" adapterTypeName="executor://xunit/VsTestRunner3/netcore/" className="Trazzo.Biometric.Agent.Tests.ZKTecoScannerServiceTests" name="IdentifyFingerprintAsync_CuandoCapturaExitosa_RetornaTemplateBase64" />
    </UnitTest>
    <UnitTest name="Trazzo.Biometric.Agent.Tests.HybridCryptographyServiceTests.InitializeAsync_WhenFetcherSucceeds_DoesNotLeakOldKey" storage="c:\users\pc\documents\github\trazzo\middleware\trazzo.biometric.agent.tests\bin\release\net10.0-windows\win-x64\trazzo.biometric.agent.tests.dll" id="c99eaf27-83e0-a0c1-fded-933b42b0bacf">
      <Execution id="ad13069f-28fb-4a36-a48b-59c9412e4f72" />
      <TestMethod codeBase="C:\Users\PC\Documents\GitHub\Trazzo\middleware\Trazzo.Biometric.Agent.Tests\bin\Release\net10.0-windows\win-x64\Trazzo.Biometric.Agent.Tests.dll" adapterTypeName="executor://xunit/VsTestRunner3/netcore/" className="Trazzo.Biometric.Agent.Tests.HybridCryptographyServiceTests" name="InitializeAsync_WhenFetcherSucceeds_DoesNotLeakOldKey" />
    </UnitTest>
    <UnitTest name="Trazzo.Biometric.Agent.Tests.FingerprintCaptureResultTests.Failed_ReturnsFailurePayloadWithoutTemplate" storage="c:\users\pc\documents\github\trazzo\middleware\trazzo.biometric.agent.tests\bin\release\net10.0-windows\win-x64\trazzo.biometric.agent.tests.dll" id="b655e949-715b-4c78-16dd-73b3d99a9cbd">
      <Execution id="2fd5fbd6-581c-4764-9436-c6015507f8bc" />
      <TestMethod codeBase="C:\Users\PC\Documents\GitHub\Trazzo\middleware\Trazzo.Biometric.Agent.Tests\bin\Release\net10.0-windows\win-x64\Trazzo.Biometric.Agent.Tests.dll" adapterTypeName="executor://xunit/VsTestRunner3/netcore/" className="Trazzo.Biometric.Agent.Tests.FingerprintCaptureResultTests" name="Failed_ReturnsFailurePayloadWithoutTemplate" />
    </UnitTest>
    <UnitTest name="Trazzo.Biometric.Agent.Tests.SqliteEventQueueTests.MarkFailedAsync_AlLlegarAlLimite_MarcaComoFailed" storage="c:\users\pc\documents\github\trazzo\middleware\trazzo.biometric.agent.tests\bin\release\net10.0-windows\win-x64\trazzo.biometric.agent.tests.dll" id="7bba1f5f-06c3-0170-c369-57d8a04478cf">
      <Execution id="6d932e1a-a557-41a8-b90d-15dded5fe455" />
      <TestMethod codeBase="C:\Users\PC\Documents\GitHub\Trazzo\middleware\Trazzo.Biometric.Agent.Tests\bin\Release\net10.0-windows\win-x64\Trazzo.Biometric.Agent.Tests.dll" adapterTypeName="executor://xunit/VsTestRunner3/netcore/" className="Trazzo.Biometric.Agent.Tests.SqliteEventQueueTests" name="MarkFailedAsync_AlLlegarAlLimite_MarcaComoFailed" />
    </UnitTest>
    <UnitTest name="Trazzo.Biometric.Agent.Tests.EventForwarderServiceTests.TryForwardPendingAsync_CuandoAlgunosExitososYOtrosFallidos_MarcaCorrectamente" storage="c:\users\pc\documents\github\trazzo\middleware\trazzo.biometric.agent.tests\bin\release\net10.0-windows\win-x64\trazzo.biometric.agent.tests.dll" id="d4a567bc-11cc-c205-0f4e-172d0c7f9f40">
      <Execution id="b7f4690e-9cba-4fc6-a5f7-5e74a9f52217" />
      <TestMethod codeBase="C:\Users\PC\Documents\GitHub\Trazzo\middleware\Trazzo.Biometric.Agent.Tests\bin\Release\net10.0-windows\win-x64\Trazzo.Biometric.Agent.Tests.dll" adapterTypeName="executor://xunit/VsTestRunner3/netcore/" className="Trazzo.Biometric.Agent.Tests.EventForwarderServiceTests" name="TryForwardPendingAsync_CuandoAlgunosExitososYOtrosFallidos_MarcaCorrectamente" />
    </UnitTest>
    <UnitTest name="Trazzo.Biometric.Agent.Tests.LocalWebSocketServerServiceTests.OriginAuth_CuandoOrigenNoPermitido_RechazaConexion" storage="c:\users\pc\documents\github\trazzo\middleware\trazzo.biometric.agent.tests\bin\release\net10.0-windows\win-x64\trazzo.biometric.agent.tests.dll" id="f846e004-47ca-d0b2-f1e4-d0ed6a721797">
      <Execution id="f381a2c5-860f-4b89-bdd4-91bae3ec0805" />
      <TestMethod codeBase="C:\Users\PC\Documents\GitHub\Trazzo\middleware\Trazzo.Biometric.Agent.Tests\bin\Release\net10.0-windows\win-x64\Trazzo.Biometric.Agent.Tests.dll" adapterTypeName="executor://xunit/VsTestRunner3/netcore/" className="Trazzo.Biometric.Agent.Tests.LocalWebSocketServerServiceTests" name="OriginAuth_CuandoOrigenNoPermitido_RechazaConexion" />
    </UnitTest>
    <UnitTest name="Trazzo.Biometric.Agent.Tests.AgentHealthServiceTests.GetHealthResult_ReturnsObjectWithTypeHealthCheckResult" storage="c:\users\pc\documents\github\trazzo\middleware\trazzo.biometric.agent.tests\bin\release\net10.0-windows\win-x64\trazzo.biometric.agent.tests.dll" id="de9a16b0-9c23-fbd9-747f-92adbd9e7eb5">
      <Execution id="d13ccd1f-abcb-435f-b467-0c31c3153e52" />
      <TestMethod codeBase="C:\Users\PC\Documents\GitHub\Trazzo\middleware\Trazzo.Biometric.Agent.Tests\bin\Release\net10.0-windows\win-x64\Trazzo.Biometric.Agent.Tests.dll" adapterTypeName="executor://xunit/VsTestRunner3/netcore/" className="Trazzo.Biometric.Agent.Tests.AgentHealthServiceTests" name="GetHealthResult_ReturnsObjectWithTypeHealthCheckResult" />
    </UnitTest>
    <UnitTest name="Trazzo.Biometric.Agent.Tests.ZKTecoErrorMapperTests.ToMessage_ReturnsExpectedMessage(code: -3, expected: &quot;El SDK ZKTeco no está inicializado.&quot;)" storage="c:\users\pc\documents\github\trazzo\middleware\trazzo.biometric.agent.tests\bin\release\net10.0-windows\win-x64\trazzo.biometric.agent.tests.dll" id="e80a94c4-8ffd-f1f4-5311-596e1b50484c">
      <Execution id="dfb394d8-e137-4071-870a-b26a923b882d" />
      <TestMethod codeBase="C:\Users\PC\Documents\GitHub\Trazzo\middleware\Trazzo.Biometric.Agent.Tests\bin\Release\net10.0-windows\win-x64\Trazzo.Biometric.Agent.Tests.dll" adapterTypeName="executor://xunit/VsTestRunner3/netcore/" className="Trazzo.Biometric.Agent.Tests.ZKTecoErrorMapperTests" name="ToMessage_ReturnsExpectedMessage" />
    </UnitTest>
    <UnitTest name="Trazzo.Biometric.Agent.Tests.AutoUpdateServiceTests.CheckAndApplyUpdateAsync_WhenNetworkThrows_DoesNotThrow" storage="c:\users\pc\documents\github\trazzo\middleware\trazzo.biometric.agent.tests\bin\release\net10.0-windows\win-x64\trazzo.biometric.agent.tests.dll" id="eb8c2998-f324-8b24-7ee4-1d388104d26a">
      <Execution id="8a00472f-8760-43d0-be08-0c2e541144e7" />
      <TestMethod codeBase="C:\Users\PC\Documents\GitHub\Trazzo\middleware\Trazzo.Biometric.Agent.Tests\bin\Release\net10.0-windows\win-x64\Trazzo.Biometric.Agent.Tests.dll" adapterTypeName="executor://xunit/VsTestRunner3/netcore/" className="Trazzo.Biometric.Agent.Tests.AutoUpdateServiceTests" name="CheckAndApplyUpdateAsync_WhenNetworkThrows_DoesNotThrow" />
    </UnitTest>
    <UnitTest name="Trazzo.Biometric.Agent.Tests.FingerprintQualityAnalyzerTests.Analyze_CuandoCoberturaExcesivaDePixelesOscuros_RetornaAreaExcesiva" storage="c:\users\pc\documents\github\trazzo\middleware\trazzo.biometric.agent.tests\bin\release\net10.0-windows\win-x64\trazzo.biometric.agent.tests.dll" id="338c148b-f313-2cc6-c514-9ee67e5e233b">
      <Execution id="c2b8a104-45fb-4958-b8cb-7429ae7f8c1d" />
      <TestMethod codeBase="C:\Users\PC\Documents\GitHub\Trazzo\middleware\Trazzo.Biometric.Agent.Tests\bin\Release\net10.0-windows\win-x64\Trazzo.Biometric.Agent.Tests.dll" adapterTypeName="executor://xunit/VsTestRunner3/netcore/" className="Trazzo.Biometric.Agent.Tests.FingerprintQualityAnalyzerTests" name="Analyze_CuandoCoberturaExcesivaDePixelesOscuros_RetornaAreaExcesiva" />
    </UnitTest>
    <UnitTest name="Trazzo.Biometric.Agent.Tests.FingerprintImageConverterTests.ConvertGrayscaleRawToPng_Base64CoincidesConPngBytes" storage="c:\users\pc\documents\github\trazzo\middleware\trazzo.biometric.agent.tests\bin\release\net10.0-windows\win-x64\trazzo.biometric.agent.tests.dll" id="28d38b8d-ab56-3f18-58c9-72b77b05e2c7">
      <Execution id="1030f580-9663-4350-88e1-5ad6cba3c2ed" />
      <TestMethod codeBase="C:\Users\PC\Documents\GitHub\Trazzo\middleware\Trazzo.Biometric.Agent.Tests\bin\Release\net10.0-windows\win-x64\Trazzo.Biometric.Agent.Tests.dll" adapterTypeName="executor://xunit/VsTestRunner3/netcore/" className="Trazzo.Biometric.Agent.Tests.FingerprintImageConverterTests" name="ConvertGrayscaleRawToPng_Base64CoincidesConPngBytes" />
    </UnitTest>
    <UnitTest name="Trazzo.Biometric.Agent.Tests.FingerprintImageConverterTests.ConvertGrayscaleRawToPng_DataUrlTieneFormatoCorrecto" storage="c:\users\pc\documents\github\trazzo\middleware\trazzo.biometric.agent.tests\bin\release\net10.0-windows\win-x64\trazzo.biometric.agent.tests.dll" id="ca477a05-3c47-da90-2f12-da73f425e086">
      <Execution id="f39f0646-1167-43f4-9a3e-df2e94db02f8" />
      <TestMethod codeBase="C:\Users\PC\Documents\GitHub\Trazzo\middleware\Trazzo.Biometric.Agent.Tests\bin\Release\net10.0-windows\win-x64\Trazzo.Biometric.Agent.Tests.dll" adapterTypeName="executor://xunit/VsTestRunner3/netcore/" className="Trazzo.Biometric.Agent.Tests.FingerprintImageConverterTests" name="ConvertGrayscaleRawToPng_DataUrlTieneFormatoCorrecto" />
    </UnitTest>
    <UnitTest name="Trazzo.Biometric.Agent.Tests.HybridCryptographyServiceTests.TryEncryptTemplate_CiphertextLengthMatchesTemplateSize" storage="c:\users\pc\documents\github\trazzo\middleware\trazzo.biometric.agent.tests\bin\release\net10.0-windows\win-x64\trazzo.biometric.agent.tests.dll" id="10f064bc-c318-ecb6-8d0f-b2996e0263fa">
      <Execution id="094b00d5-48e3-459e-bfca-15f51d6a6d6f" />
      <TestMethod codeBase="C:\Users\PC\Documents\GitHub\Trazzo\middleware\Trazzo.Biometric.Agent.Tests\bin\Release\net10.0-windows\win-x64\Trazzo.Biometric.Agent.Tests.dll" adapterTypeName="executor://xunit/VsTestRunner3/netcore/" className="Trazzo.Biometric.Agent.Tests.HybridCryptographyServiceTests" name="TryEncryptTemplate_CiphertextLengthMatchesTemplateSize" />
    </UnitTest>
    <UnitTest name="Trazzo.Biometric.Agent.Tests.ZKTecoErrorMapperTests.ToMessage_ReturnsExpectedMessage(code: -4, expected: &quot;No se encontró ningún lector biométrico.&quot;)" storage="c:\users\pc\documents\github\trazzo\middleware\trazzo.biometric.agent.tests\bin\release\net10.0-windows\win-x64\trazzo.biometric.agent.tests.dll" id="69854937-7b21-65cd-43e7-d1d64b8e7d26">
      <Execution id="b8714b22-0a96-4068-af38-9ad8c224c2a0" />
      <TestMethod codeBase="C:\Users\PC\Documents\GitHub\Trazzo\middleware\Trazzo.Biometric.Agent.Tests\bin\Release\net10.0-windows\win-x64\Trazzo.Biometric.Agent.Tests.dll" adapterTypeName="executor://xunit/VsTestRunner3/netcore/" className="Trazzo.Biometric.Agent.Tests.ZKTecoErrorMapperTests" name="ToMessage_ReturnsExpectedMessage" />
    </UnitTest>
    <UnitTest name="Trazzo.Biometric.Agent.Tests.AutoUpdateServiceTests.ExecuteAsync_WhenManifestUrlIsEmpty_DoesNotFetch" storage="c:\users\pc\documents\github\trazzo\middleware\trazzo.biometric.agent.tests\bin\release\net10.0-windows\win-x64\trazzo.biometric.agent.tests.dll" id="01e9b8d5-ef62-dc8f-468c-01e1a71cdde1">
      <Execution id="a75105aa-f636-442a-9ba8-b582a82c5568" />
      <TestMethod codeBase="C:\Users\PC\Documents\GitHub\Trazzo\middleware\Trazzo.Biometric.Agent.Tests\bin\Release\net10.0-windows\win-x64\Trazzo.Biometric.Agent.Tests.dll" adapterTypeName="executor://xunit/VsTestRunner3/netcore/" className="Trazzo.Biometric.Agent.Tests.AutoUpdateServiceTests" name="ExecuteAsync_WhenManifestUrlIsEmpty_DoesNotFetch" />
    </UnitTest>
    <UnitTest name="Trazzo.Biometric.Agent.Tests.FingerprintImageConverterTests.ConvertGrayscaleRawToPng_CuandoAltoEsCero_LanzaArgumentOutOfRangeException" storage="c:\users\pc\documents\github\trazzo\middleware\trazzo.biometric.agent.tests\bin\release\net10.0-windows\win-x64\trazzo.biometric.agent.tests.dll" id="b82c6802-7dbb-a128-088d-c4ac2e64bc9d">
      <Execution id="0dd1a137-40b9-4c89-b22e-3be59992a802" />
      <TestMethod codeBase="C:\Users\PC\Documents\GitHub\Trazzo\middleware\Trazzo.Biometric.Agent.Tests\bin\Release\net10.0-windows\win-x64\Trazzo.Biometric.Agent.Tests.dll" adapterTypeName="executor://xunit/VsTestRunner3/netcore/" className="Trazzo.Biometric.Agent.Tests.FingerprintImageConverterTests" name="ConvertGrayscaleRawToPng_CuandoAltoEsCero_LanzaArgumentOutOfRangeException" />
    </UnitTest>
    <UnitTest name="Trazzo.Biometric.Agent.Tests.SqliteEventQueueTests.MarkFailedAsync_AntesDeLimite_MantieneEventoComoPending" storage="c:\users\pc\documents\github\trazzo\middleware\trazzo.biometric.agent.tests\bin\release\net10.0-windows\win-x64\trazzo.biometric.agent.tests.dll" id="c70a4c36-ee08-0efb-13c9-71fd920ae8c8">
      <Execution id="5fe4dc60-dce5-4023-8770-67af707595a3" />
      <TestMethod codeBase="C:\Users\PC\Documents\GitHub\Trazzo\middleware\Trazzo.Biometric.Agent.Tests\bin\Release\net10.0-windows\win-x64\Trazzo.Biometric.Agent.Tests.dll" adapterTypeName="executor://xunit/VsTestRunner3/netcore/" className="Trazzo.Biometric.Agent.Tests.SqliteEventQueueTests" name="MarkFailedAsync_AntesDeLimite_MantieneEventoComoPending" />
    </UnitTest>
    <UnitTest name="Trazzo.Biometric.Agent.Tests.ZKTecoScannerServiceTests.CaptureFingerprintAsync_WhenCaptureSucceeds_ImageDimensionsAre300x400" storage="c:\users\pc\documents\github\trazzo\middleware\trazzo.biometric.agent.tests\bin\release\net10.0-windows\win-x64\trazzo.biometric.agent.tests.dll" id="deeb79ad-06eb-8aaa-4b16-22d4146011d0">
      <Execution id="eb9a80cb-2590-4f9e-b41a-950aba69e8e6" />
      <TestMethod codeBase="C:\Users\PC\Documents\GitHub\Trazzo\middleware\Trazzo.Biometric.Agent.Tests\bin\Release\net10.0-windows\win-x64\Trazzo.Biometric.Agent.Tests.dll" adapterTypeName="executor://xunit/VsTestRunner3/netcore/" className="Trazzo.Biometric.Agent.Tests.ZKTecoScannerServiceTests" name="CaptureFingerprintAsync_WhenCaptureSucceeds_ImageDimensionsAre300x400" />
    </UnitTest>
    <UnitTest name="Trazzo.Biometric.Agent.Tests.EventForwarderServiceTests.TryForwardPendingAsync_CuandoColaVacia_RetornaFalse" storage="c:\users\pc\documents\github\trazzo\middleware\trazzo.biometric.agent.tests\bin\release\net10.0-windows\win-x64\trazzo.biometric.agent.tests.dll" id="048ee1c0-10fa-2113-efa8-ca7e9b4bdaed">
      <Execution id="91aedcc9-66c0-4508-912a-958488f9423f" />
      <TestMethod codeBase="C:\Users\PC\Documents\GitHub\Trazzo\middleware\Trazzo.Biometric.Agent.Tests\bin\Release\net10.0-windows\win-x64\Trazzo.Biometric.Agent.Tests.dll" adapterTypeName="executor://xunit/VsTestRunner3/netcore/" className="Trazzo.Biometric.Agent.Tests.EventForwarderServiceTests" name="TryForwardPendingAsync_CuandoColaVacia_RetornaFalse" />
    </UnitTest>
    <UnitTest name="Trazzo.Biometric.Agent.Tests.FingerprintImageConverterTests.ConvertGrayscaleRawToPng_CuandoAnchoEsCero_LanzaArgumentOutOfRangeException" storage="c:\users\pc\documents\github\trazzo\middleware\trazzo.biometric.agent.tests\bin\release\net10.0-windows\win-x64\trazzo.biometric.agent.tests.dll" id="54cff841-78b0-4b92-a4ee-5ea6d6008a66">
      <Execution id="5fe17cca-c833-4935-a7fe-e0d9fe010c51" />
      <TestMethod codeBase="C:\Users\PC\Documents\GitHub\Trazzo\middleware\Trazzo.Biometric.Agent.Tests\bin\Release\net10.0-windows\win-x64\Trazzo.Biometric.Agent.Tests.dll" adapterTypeName="executor://xunit/VsTestRunner3/netcore/" className="Trazzo.Biometric.Agent.Tests.FingerprintImageConverterTests" name="ConvertGrayscaleRawToPng_CuandoAnchoEsCero_LanzaArgumentOutOfRangeException" />
    </UnitTest>
    <UnitTest name="Trazzo.Biometric.Agent.Tests.WebSocketResponseTests.HandleMessageAsync_ForUnsupportedType_ReturnsErrorJson" storage="c:\users\pc\documents\github\trazzo\middleware\trazzo.biometric.agent.tests\bin\release\net10.0-windows\win-x64\trazzo.biometric.agent.tests.dll" id="3e7c2995-0b0f-4d24-f1c5-a68d3c527e8d">
      <Execution id="89756073-5495-4f48-8fc7-fbda6b0629fb" />
      <TestMethod codeBase="C:\Users\PC\Documents\GitHub\Trazzo\middleware\Trazzo.Biometric.Agent.Tests\bin\Release\net10.0-windows\win-x64\Trazzo.Biometric.Agent.Tests.dll" adapterTypeName="executor://xunit/VsTestRunner3/netcore/" className="Trazzo.Biometric.Agent.Tests.WebSocketResponseTests" name="HandleMessageAsync_ForUnsupportedType_ReturnsErrorJson" />
    </UnitTest>
    <UnitTest name="Trazzo.Biometric.Agent.Tests.FingerprintImageConverterTests.ConvertGrayscaleRawToPng_BufferMayorQueImagenEsperada_NoLanzaExcepcion" storage="c:\users\pc\documents\github\trazzo\middleware\trazzo.biometric.agent.tests\bin\release\net10.0-windows\win-x64\trazzo.biometric.agent.tests.dll" id="66f6c518-6e6d-7505-6efa-dc08b699fc89">
      <Execution id="87b07106-a97a-4a75-aecb-db9eb391d867" />
      <TestMethod codeBase="C:\Users\PC\Documents\GitHub\Trazzo\middleware\Trazzo.Biometric.Agent.Tests\bin\Release\net10.0-windows\win-x64\Trazzo.Biometric.Agent.Tests.dll" adapterTypeName="executor://xunit/VsTestRunner3/netcore/" className="Trazzo.Biometric.Agent.Tests.FingerprintImageConverterTests" name="ConvertGrayscaleRawToPng_BufferMayorQueImagenEsperada_NoLanzaExcepcion" />
    </UnitTest>
    <UnitTest name="Trazzo.Biometric.Agent.Tests.FingerprintCaptureResultTests.Succeeded_WithEncryptedTemplate_NullsOutPlainBase64" storage="c:\users\pc\documents\github\trazzo\middleware\trazzo.biometric.agent.tests\bin\release\net10.0-windows\win-x64\trazzo.biometric.agent.tests.dll" id="0ee4e9e7-dc52-e4ba-ee51-b543979f9a7c">
      <Execution id="ae35441d-577b-4ff4-9fc4-144e200a9022" />
      <TestMethod codeBase="C:\Users\PC\Documents\GitHub\Trazzo\middleware\Trazzo.Biometric.Agent.Tests\bin\Release\net10.0-windows\win-x64\Trazzo.Biometric.Agent.Tests.dll" adapterTypeName="executor://xunit/VsTestRunner3/netcore/" className="Trazzo.Biometric.Agent.Tests.FingerprintCaptureResultTests" name="Succeeded_WithEncryptedTemplate_NullsOutPlainBase64" />
    </UnitTest>
    <UnitTest name="Trazzo.Biometric.Agent.Tests.HybridCryptographyServiceTests.IsConfigured_WhenFetcherReturnsNull_ReturnsFalse" storage="c:\users\pc\documents\github\trazzo\middleware\trazzo.biometric.agent.tests\bin\release\net10.0-windows\win-x64\trazzo.biometric.agent.tests.dll" id="3cb42c20-5e75-1a76-2424-25a5040b4ac0">
      <Execution id="2eef4e7f-0ad1-4ec2-b281-823fcee036ec" />
      <TestMethod codeBase="C:\Users\PC\Documents\GitHub\Trazzo\middleware\Trazzo.Biometric.Agent.Tests\bin\Release\net10.0-windows\win-x64\Trazzo.Biometric.Agent.Tests.dll" adapterTypeName="executor://xunit/VsTestRunner3/netcore/" className="Trazzo.Biometric.Agent.Tests.HybridCryptographyServiceTests" name="IsConfigured_WhenFetcherReturnsNull_ReturnsFalse" />
    </UnitTest>
[...]
      <Execution id="9880f0c0-7f34-4927-b00f-e9dc371fe0be" />
      <TestMethod codeBase="C:\Users\PC\Documents\GitHub\Trazzo\middleware\Trazzo.Biometric.Agent.Tests\bin\Release\net10.0-windows\win-x64\Trazzo.Biometric.Agent.Tests.dll" adapterTypeName="executor://xunit/VsTestRunner3/netcore/" className="Trazzo.Biometric.Agent.Tests.AgentHealthServiceTests" name="GetHealthResult_ReturnsExpectedMessage" />
    </UnitTest>
    <UnitTest name="Trazzo.Biometric.Agent.Tests.SqliteEventQueueTests.GetPendingAsync_NoDevuelveEventosEnviados" storage="c:\users\pc\documents\github\trazzo\middleware\trazzo.biometric.agent.tests\bin\release\net10.0-windows\win-x64\trazzo.biometric.agent.tests.dll" id="9b5a454a-d224-35cb-ecd6-d085eb0453e8">
      <Execution id="83bc9017-5aeb-4381-a3cb-ba06cbd51fcb" />
      <TestMethod codeBase="C:\Users\PC\Documents\GitHub\Trazzo\middleware\Trazzo.Biometric.Agent.Tests\bin\Release\net10.0-windows\win-x64\Trazzo.Biometric.Agent.Tests.dll" adapterTypeName="executor://xunit/VsTestRunner3/netcore/" className="Trazzo.Biometric.Agent.Tests.SqliteEventQueueTests" name="GetPendingAsync_NoDevuelveEventosEnviados" />
    </UnitTest>
    <UnitTest name="Trazzo.Biometric.Agent.Tests.AutoUpdateServiceTests.CheckAndApplyUpdateAsync_WhenDownloadReturns404_DoesNotApplyUpdate" storage="c:\users\pc\documents\github\trazzo\middleware\trazzo.biometric.agent.tests\bin\release\net10.0-windows\win-x64\trazzo.biometric.agent.tests.dll" id="002718a4-7901-8d4a-918b-dbbf895691d8">
      <Execution id="d129acc9-cc77-40fc-8f84-b86ba3997b73" />
      <TestMethod codeBase="C:\Users\PC\Documents\GitHub\Trazzo\middleware\Trazzo.Biometric.Agent.Tests\bin\Release\net10.0-windows\win-x64\Trazzo.Biometric.Agent.Tests.dll" adapterTypeName="executor://xunit/VsTestRunner3/netcore/" className="Trazzo.Biometric.Agent.Tests.AutoUpdateServiceTests" name="CheckAndApplyUpdateAsync_WhenDownloadReturns404_DoesNotApplyUpdate" />
    </UnitTest>
  </TestDefinitions>
  <TestEntries>
    <TestEntry testId="01e9b8d5-ef62-dc8f-468c-01e1a71cdde1" executionId="a75105aa-f636-442a-9ba8-b582a82c5568" testListId="8c84fa94-04c1-424b-9868-57a2d4851a1d" />
    <TestEntry testId="ca477a05-3c47-da90-2f12-da73f425e086" executionId="f39f0646-1167-43f4-9a3e-df2e94db02f8" testListId="8c84fa94-04c1-424b-9868-57a2d4851a1d" />
    <TestEntry testId="048ee1c0-10fa-2113-efa8-ca7e9b4bdaed" executionId="91aedcc9-66c0-4508-912a-958488f9423f" testListId="8c84fa94-04c1-424b-9868-57a2d4851a1d" />
    <TestEntry testId="6a03901b-6493-c22e-b15a-461c0aa9429a" executionId="6cf426cd-44fe-467c-9e42-6019bebdd636" testListId="8c84fa94-04c1-424b-9868-57a2d4851a1d" />
    <TestEntry testId="69854937-7b21-65cd-43e7-d1d64b8e7d26" executionId="b8714b22-0a96-4068-af38-9ad8c224c2a0" testListId="8c84fa94-04c1-424b-9868-57a2d4851a1d" />
    <TestEntry testId="c70a4c36-ee08-0efb-13c9-71fd920ae8c8" executionId="5fe4dc60-dce5-4023-8770-67af707595a3" testListId="8c84fa94-04c1-424b-9868-57a2d4851a1d" />
    <TestEntry testId="985b038d-b29e-72d0-51fb-bebdee2022d9" executionId="a4130b4d-c8d9-4dfb-b914-c3d42e78b411" testListId="8c84fa94-04c1-424b-9868-57a2d4851a1d" />
    <TestEntry testId="d4a567bc-11cc-c205-0f4e-172d0c7f9f40" executionId="b7f4690e-9cba-4fc6-a5f7-5e74a9f52217" testListId="8c84fa94-04c1-424b-9868-57a2d4851a1d" />
    <TestEntry testId="9b5a454a-d224-35cb-ecd6-d085eb0453e8" executionId="83bc9017-5aeb-4381-a3cb-ba06cbd51fcb" testListId="8c84fa94-04c1-424b-9868-57a2d4851a1d" />
    <TestEntry testId="c118e526-7c88-61fc-4861-986c927d01e1" executionId="145a8cf0-6605-43b0-b877-415f3e55879f" testListId="8c84fa94-04c1-424b-9868-57a2d4851a1d" />
    <TestEntry testId="7bba1f5f-06c3-0170-c369-57d8a04478cf" executionId="6d932e1a-a557-41a8-b90d-15dded5fe455" testListId="8c84fa94-04c1-424b-9868-57a2d4851a1d" />
    <TestEntry testId="3546db1d-6356-669e-678a-0970c81fd30b" executionId="d9c319cb-2e21-436a-8a9d-df0382524973" testListId="8c84fa94-04c1-424b-9868-57a2d4851a1d" />
    <TestEntry testId="56f7f7bd-ce0f-509a-698d-f11e36b1720c" executionId="b65d32a6-81d5-4910-b774-610648307450" testListId="8c84fa94-04c1-424b-9868-57a2d4851a1d" />
    <TestEntry testId="b655e949-715b-4c78-16dd-73b3d99a9cbd" executionId="2fd5fbd6-581c-4764-9436-c6015507f8bc" testListId="8c84fa94-04c1-424b-9868-57a2d4851a1d" />
    <TestEntry testId="4bdcfe11-f6e1-6c43-ed12-f6f091af7331" executionId="9880f0c0-7f34-4927-b00f-e9dc371fe0be" testListId="8c84fa94-04c1-424b-9868-57a2d4851a1d" />
    <TestEntry testId="72e96992-001e-bf86-53a1-88209f23ecde" executionId="36859a90-fa14-41c7-a3b5-941c6bff4d2b" testListId="8c84fa94-04c1-424b-9868-57a2d4851a1d" />
    <TestEntry testId="08f4b56e-770f-4bda-3066-86c8638ecf7d" executionId="8392babf-93aa-4af0-8945-fe0a04661844" testListId="8c84fa94-04c1-424b-9868-57a2d4851a1d" />
    <TestEntry testId="6affcbc5-b1ce-0b03-194c-f0fa776de51f" executionId="e17d027d-6bd5-4af9-8784-a8132cd18fa5" testListId="8c84fa94-04c1-424b-9868-57a2d4851a1d" />
    <TestEntry testId="33a207f1-2d4d-86e9-767f-287c52636eca" executionId="30a26c09-e219-49be-86ad-b207f81eedff" testListId="8c84fa94-04c1-424b-9868-57a2d4851a1d" />
    <TestEntry testId="338c148b-f313-2cc6-c514-9ee67e5e233b" executionId="c2b8a104-45fb-4958-b8cb-7429ae7f8c1d" testListId="8c84fa94-04c1-424b-9868-57a2d4851a1d" />
    <TestEntry testId="c99eaf27-83e0-a0c1-fded-933b42b0bacf" executionId="ad13069f-28fb-4a36-a48b-59c9412e4f72" testListId="8c84fa94-04c1-424b-9868-57a2d4851a1d" />
    <TestEntry testId="22c3dc75-ec84-532b-7559-39e54ed50ce1" executionId="17794461-32a7-4ef2-b95f-d11cf894400a" testListId="8c84fa94-04c1-424b-9868-57a2d4851a1d" />
    <TestEntry testId="36fc74f2-f422-7eeb-2c3e-7e492d570a25" executionId="47b30fa8-6b77-4aeb-961f-c14f01e03ec6" testListId="8c84fa94-04c1-424b-9868-57a2d4851a1d" />
    <TestEntry testId="466284bc-130b-0de1-4255-6146f92cbee0" executionId="83a72858-c535-47d9-8720-85d6da10bfe9" testListId="8c84fa94-04c1-424b-9868-57a2d4851a1d" />
    <TestEntry testId="0400335f-679a-fb04-0fbe-b5053cb70394" executionId="174cd65b-9b85-4cf7-9564-0ad5c5d56b71" testListId="8c84fa94-04c1-424b-9868-57a2d4851a1d" />
    <TestEntry testId="caf415cf-c922-272f-34c5-65292d8c350c" executionId="ef6d58c6-7dfc-45a5-8148-eaae97df9dc3" testListId="8c84fa94-04c1-424b-9868-57a2d4851a1d" />
    <TestEntry testId="90ba98ff-5115-a102-5759-c099f261679d" executionId="46cf282f-a72e-40d5-95b2-d10864572970" testListId="8c84fa94-04c1-424b-9868-57a2d4851a1d" />
    <TestEntry testId="6a74a3be-c197-3ec5-965b-31c23a8e1a65" executionId="15692a08-3a84-424e-bb8c-0faed78d316b" testListId="8c84fa94-04c1-424b-9868-57a2d4851a1d" />
    <TestEntry testId="de9a16b0-9c23-fbd9-747f-92adbd9e7eb5" executionId="d13ccd1f-abcb-435f-b467-0c31c3153e52" testListId="8c84fa94-04c1-424b-9868-57a2d4851a1d" />
    <TestEntry testId="5820b8cb-ab5f-59e8-0d73-7dcf43f8b8f4" executionId="df90b4dc-2aaa-4589-99a5-b1a320165180" testListId="8c84fa94-04c1-424b-9868-57a2d4851a1d" />
    <TestEntry testId="b82c6802-7dbb-a128-088d-c4ac2e64bc9d" executionId="0dd1a137-40b9-4c89-b22e-3be59992a802" testListId="8c84fa94-04c1-424b-9868-57a2d4851a1d" />
    <TestEntry testId="2ce89fd6-8dcd-01bb-5f77-05d9c8dc2ee7" executionId="388305b0-5e0a-4ef8-a4a8-94609d01a6fe" testListId="8c84fa94-04c1-424b-9868-57a2d4851a1d" />
    <TestEntry testId="28d38b8d-ab56-3f18-58c9-72b77b05e2c7" executionId="1030f580-9663-4350-88e1-5ad6cba3c2ed" testListId="8c84fa94-04c1-424b-9868-57a2d4851a1d" />
    <TestEntry testId="8f9710a4-a5ba-f492-c34a-9cc769983506" executionId="ac95a600-0bcd-495d-81e4-a8c048b3fcf9" testListId="8c84fa94-04c1-424b-9868-57a2d4851a1d" />
    <TestEntry testId="d3219566-cd95-bd31-07cc-da5ba3d73bf5" executionId="83de4486-7040-4111-b4e3-006914cb372b" testListId="8c84fa94-04c1-424b-9868-57a2d4851a1d" />
    <TestEntry testId="54cff841-78b0-4b92-a4ee-5ea6d6008a66" executionId="5fe17cca-c833-4935-a7fe-e0d9fe010c51" testListId="8c84fa94-04c1-424b-9868-57a2d4851a1d" />
    <TestEntry testId="a414bb4c-0ba7-9e57-cd44-c7e700dee9f7" executionId="582286b2-6797-4418-9c89-9918878e16c2" testListId="8c84fa94-04c1-424b-9868-57a2d4851a1d" />
    <TestEntry testId="10f064bc-c318-ecb6-8d0f-b2996e0263fa" executionId="094b00d5-48e3-459e-bfca-15f51d6a6d6f" testListId="8c84fa94-04c1-424b-9868-57a2d4851a1d" />
    <TestEntry testId="a4029aec-352b-2fa0-1d25-cacba56bafaa" executionId="c4355220-c9a6-4471-8a29-37f8590341e2" testListId="8c84fa94-04c1-424b-9868-57a2d4851a1d" />
    <TestEntry testId="deeb79ad-06eb-8aaa-4b16-22d4146011d0" executionId="eb9a80cb-2590-4f9e-b41a-950aba69e8e6" testListId="8c84fa94-04c1-424b-9868-57a2d4851a1d" />
    <TestEntry testId="48348b18-c3e9-a140-d1da-e83cfd52deba" executionId="39ae13bf-ddf7-49ac-9d0a-97d458d2caf9" testListId="8c84fa94-04c1-424b-9868-57a2d4851a1d" />
    <TestEntry testId="82fdd604-5bb3-c19f-0d0b-a0ff223fb21d" executionId="42a7b3ad-4ff4-45e4-aae1-49c74076caa5" testListId="8c84fa94-04c1-424b-9868-57a2d4851a1d" />
    <TestEntry testId="accdfbe1-af6a-5da8-98ff-23e26cdb3e5d" executionId="35188922-f6b7-4b81-8af7-1df153206dbe" testListId="8c84fa94-04c1-424b-9868-57a2d4851a1d" />
    <TestEntry testId="022e20ec-49cc-1f94-1c2c-2bd90a95cfc0" executionId="1b7fc73b-5e9c-4e2e-89fc-18d5defbfcda" testListId="8c84fa94-04c1-424b-9868-57a2d4851a1d" />
    <TestEntry testId="e14cc315-7cd8-df67-cf9f-2f3c3f5dcf3f" executionId="5a29ff38-6140-412e-8132-297c3e78014e" testListId="8c84fa94-04c1-424b-9868-57a2d4851a1d" />
    <TestEntry testId="97fc8dcd-ba28-8533-b30f-952fcb86e67a" executionId="3d4c926a-1e50-427e-9f37-50def872a70d" testListId="8c84fa94-04c1-424b-9868-57a2d4851a1d" />
    <TestEntry testId="f89fd57e-beb7-2863-59d1-234ffd48b175" executionId="0e73d8ff-c9fd-4d44-be4b-2d7434096d8a" testListId="8c84fa94-04c1-424b-9868-57a2d4851a1d" />
    <TestEntry testId="bec9a82e-d2a6-3e75-c60a-2966218ebe59" executionId="16b59ab6-765e-4d0c-8ff2-4f71ee3747cd" testListId="8c84fa94-04c1-424b-9868-57a2d4851a1d" />
    <TestEntry testId="7a8c0ce9-78d3-94da-33e5-e925ee1b54ee" executionId="8bc9812e-30fe-4b74-921d-d086de3cdd4d" testListId="8c84fa94-04c1-424b-9868-57a2d4851a1d" />
    <TestEntry testId="91e07512-44b8-f5f2-71c9-1ccbce7aed48" executionId="a0c8cda9-b20a-4683-9322-82bebd1d7393" testListId="8c84fa94-04c1-424b-9868-57a2d4851a1d" />
    <TestEntry testId="8299f01e-a87b-0582-10a3-5c657d27cfe8" executionId="a7ca99c1-2f2d-4d79-94a9-24e165781771" testListId="8c84fa94-04c1-424b-9868-57a2d4851a1d" />
    <TestEntry testId="579490ea-27c0-6373-bd61-4b515559b8ba" executionId="dccc084f-c6bc-48b4-a6d5-db33704bc6c0" testListId="8c84fa94-04c1-424b-9868-57a2d4851a1d" />
    <TestEntry testId="8d631384-2243-7f61-43a6-02bc7f53a20f" executionId="a106b93f-a577-4ba4-9846-f0c34656f699" testListId="8c84fa94-04c1-424b-9868-57a2d4851a1d" />
    <TestEntry testId="0d4b0861-1215-3f34-fcb0-243ac66a4065" executionId="37bc059f-7135-40a2-8efa-656979dcceeb" testListId="8c84fa94-04c1-424b-9868-57a2d4851a1d" />
    <TestEntry testId="805d435a-ad6c-be1a-e400-8734d22c935b" executionId="8e24b1ae-5a88-494b-bc48-d5de455ac0d4" testListId="8c84fa94-04c1-424b-9868-57a2d4851a1d" />
    <TestEntry testId="0584929e-172a-d085-86be-f517039778c3" executionId="89ddd971-57ff-482a-ab98-0a5e9c6c0c26" testListId="8c84fa94-04c1-424b-9868-57a2d4851a1d" />
    <TestEntry testId="f45bb5a1-39d5-d815-5479-bebfec1c4de6" executionId="e1a9e175-5051-425c-b803-e4b3ecbaa977" testListId="8c84fa94-04c1-424b-9868-57a2d4851a1d" />
    <TestEntry testId="3bef4283-4395-58f2-8bed-c0bd0aa554b6" executionId="f953e3a5-99eb-4102-9076-fb078bae713a" testListId="8c84fa94-04c1-424b-9868-57a2d4851a1d" />
    <TestEntry testId="71006c03-551d-007a-b022-4a9ac4d0fc24" executionId="0e8ac6e8-61f1-4077-a9f3-cdbb100546f7" testListId="8c84fa94-04c1-424b-9868-57a2d4851a1d" />
    <TestEntry testId="19244e69-dc89-c025-2c31-814bc5ec1b30" executionId="77fb9bf3-ea05-4b89-bfb6-adb4bcb475a4" testListId="8c84fa94-04c1-424b-9868-57a2d4851a1d" />
    <TestEntry testId="f21ee1ad-36ef-c385-5ab9-4c3bd18dfbca" executionId="63e46ae0-340a-4c77-9ace-df777b7a9e1e" testListId="8c84fa94-04c1-424b-9868-57a2d4851a1d" />
    <TestEntry testId="dbfc32b1-a29c-a440-db71-ccda1dc771e0" executionId="2427710f-9ea0-4d1f-acd0-90406a82ca3f" testListId="8c84fa94-04c1-424b-9868-57a2d4851a1d" />
    <TestEntry testId="0ee4e9e7-dc52-e4ba-ee51-b543979f9a7c" executionId="ae35441d-577b-4ff4-9fc4-144e200a9022" testListId="8c84fa94-04c1-424b-9868-57a2d4851a1d" />
    <TestEntry testId="a9433472-899b-e2a3-1544-ccfdf3e9c840" executionId="46f5dd3e-8f6e-4ac0-bacd-5f8668ba7bab" testListId="8c84fa94-04c1-424b-9868-57a2d4851a1d" />
    <TestEntry testId="cf5812b8-64c1-26dd-04ba-bc36381c7180" executionId="ffcca4b4-5c31-4971-b259-120caece6eac" testListId="8c84fa94-04c1-424b-9868-57a2d4851a1d" />
    <TestEntry testId="f57211d9-064c-e309-45e7-613ddb1a1fdc" executionId="da0e70e7-4bee-4683-9363-a420d9981b9e" testListId="8c84fa94-04c1-424b-9868-57a2d4851a1d" />
    <TestEntry testId="cedbd211-d312-b413-5b72-8607e38f33a0" executionId="8d45b59e-34fd-45b0-9fa6-6f37faefbf67" testListId="8c84fa94-04c1-424b-9868-57a2d4851a1d" />
    <TestEntry testId="403f5cac-140e-cb98-f06c-d6214cae58b2" executionId="18d9dd4b-ea3e-4193-9e31-484a9d92e8a5" testListId="8c84fa94-04c1-424b-9868-57a2d4851a1d" />
    <TestEntry testId="3cb42c20-5e75-1a76-2424-25a5040b4ac0" executionId="2eef4e7f-0ad1-4ec2-b281-823fcee036ec" testListId="8c84fa94-04c1-424b-9868-57a2d4851a1d" />
    <TestEntry testId="8f0f0644-8455-1483-7c29-bdc6961e2801" executionId="952ff680-7777-4af4-b299-f1cdb314f949" testListId="8c84fa94-04c1-424b-9868-57a2d4851a1d" />
    <TestEntry testId="f57d3d64-8b6f-a17c-f88d-23fb00d68d92" executionId="56b0ec1a-1587-434a-adb5-112cdfcda6b7" testListId="8c84fa94-04c1-424b-9868-57a2d4851a1d" />
    <TestEntry testId="66f6c518-6e6d-7505-6efa-dc08b699fc89" executionId="87b07106-a97a-4a75-aecb-db9eb391d867" testListId="8c84fa94-04c1-424b-9868-57a2d4851a1d" />
    <TestEntry testId="eb8c2998-f324-8b24-7ee4-1d388104d26a" executionId="8a00472f-8760-43d0-be08-0c2e541144e7" testListId="8c84fa94-04c1-424b-9868-57a2d4851a1d" />
    <TestEntry testId="795244a9-dd7b-acb2-d1e8-9d964dd22fb3" executionId="106958d2-cab7-490a-91e2-03fc8857afa6" testListId="8c84fa94-04c1-424b-9868-57a2d4851a1d" />
    <TestEntry testId="fee48c44-542b-3a3a-88a5-769d5791d488" executionId="34e61ffc-ae06-41b6-b168-58b243e0d15f" testListId="8c84fa94-04c1-424b-9868-57a2d4851a1d" />
    <TestEntry testId="e601fe41-51fd-634c-4caf-0c86658944e6" executionId="7a92ee1f-0545-4b36-a4ec-c9ea1874fbe6" testListId="8c84fa94-04c1-424b-9868-57a2d4851a1d" />
    <TestEntry testId="a2f52ec8-650a-c85e-719c-775c4714c10f" executionId="355d0a02-25a8-4ac8-9209-9451e7768a70" testListId="8c84fa94-04c1-424b-9868-57a2d4851a1d" />
    <TestEntry testId="002718a4-7901-8d4a-918b-dbbf895691d8" executionId="d129acc9-cc77-40fc-8f84-b86ba3997b73" testListId="8c84fa94-04c1-424b-9868-57a2d4851a1d" />
    <TestEntry testId="ba733af7-e693-e8fd-c1a8-ef2931063550" executionId="24fc4426-7d9e-47e6-a001-87532e2d0af3" testListId="8c84fa94-04c1-424b-9868-57a2d4851a1d" />
    <TestEntry testId="3b42018b-735c-a3c0-6937-f17fb9e5fce1" executionId="9edff275-5f4a-4a56-8820-5d041842e7a0" testListId="8c84fa94-04c1-424b-9868-57a2d4851a1d" />
    <TestEntry testId="3e7c2995-0b0f-4d24-f1c5-a68d3c527e8d" executionId="89756073-5495-4f48-8fc7-fbda6b0629fb" testListId="8c84fa94-04c1-424b-9868-57a2d4851a1d" />
    <TestEntry testId="988a3d2e-086d-0592-8f5b-750bbe83efce" executionId="93eeb458-051e-46cb-9bd9-2b28cb4c7c0e" testListId="8c84fa94-04c1-424b-9868-57a2d4851a1d" />
    <TestEntry testId="b6dd5f15-5428-5d4d-bd3b-2330b8cff388" executionId="c949cda9-529f-4988-88f1-6a17f8ccaa31" testListId="8c84fa94-04c1-424b-9868-57a2d4851a1d" />
    <TestEntry testId="c5c8ea49-1234-fe40-8872-bcaa0120e8a7" executionId="3ffedcea-0ca6-4b35-86f8-cd4eecdc71da" testListId="8c84fa94-04c1-424b-9868-57a2d4851a1d" />
    <TestEntry testId="ddd5b50e-1fb7-9545-2537-710da6ceac0a" executionId="fef77a7a-7f21-4397-a218-05f1e687b496" testListId="8c84fa94-04c1-424b-9868-57a2d4851a1d" />
    <TestEntry testId="f846e004-47ca-d0b2-f1e4-d0ed6a721797" executionId="f381a2c5-860f-4b89-bdd4-91bae3ec0805" testListId="8c84fa94-04c1-424b-9868-57a2d4851a1d" />
    <TestEntry testId="87b523da-5bed-45a2-312d-e684bf6a5a5d" executionId="eb96ca79-b8bf-4025-84fa-c300443f6c56" testListId="8c84fa94-04c1-424b-9868-57a2d4851a1d" />
    <TestEntry testId="e1f670b0-d8ac-0401-2256-1fae79e23452" executionId="181d296e-1587-4013-97f4-404d7447b62a" testListId="8c84fa94-04c1-424b-9868-57a2d4851a1d" />
    <TestEntry testId="754a3305-137f-bb35-ff39-bbd6ab764e8d" executionId="1f70d8e4-b132-4432-9695-5394425ffd63" testListId="8c84fa94-04c1-424b-9868-57a2d4851a1d" />
    <TestEntry testId="180f2a7c-b991-8969-6ff6-4094a7d73c23" executionId="28bbbd74-16df-4b40-88d3-8d9ef135cee0" testListId="8c84fa94-04c1-424b-9868-57a2d4851a1d" />
    <TestEntry testId="ea6d3cc5-f58f-298d-d8f7-397b62ca26fd" executionId="9d348e61-4af6-4670-8dc5-5186bf02a108" testListId="8c84fa94-04c1-424b-9868-57a2d4851a1d" />
    <TestEntry testId="3bf18116-cc34-a296-a672-708a7369978a" executionId="3384210c-b106-450f-a898-b7f62e395cf6" testListId="8c84fa94-04c1-424b-9868-57a2d4851a1d" />
    <TestEntry testId="a9ab140c-1376-577f-28f9-0566d4fea9c1" executionId="b326c299-e3fe-4e88-8b07-f8325fefb194" testListId="8c84fa94-04c1-424b-9868-57a2d4851a1d" />
    <TestEntry testId="e351e973-3418-4608-ed2e-f687e0a3bcec" executionId="e9b0cc28-9ea8-4ed7-87aa-53d8a7c7e8ac" testListId="8c84fa94-04c1-424b-9868-57a2d4851a1d" />
    <TestEntry testId="582e2b05-2564-119e-6503-c4df192c1695" executionId="847271c5-5e24-4af5-ab16-a2e2dc9ff410" testListId="8c84fa94-04c1-424b-9868-57a2d4851a1d" />
    <TestEntry testId="b080f7c6-982b-4268-1131-b343578adfc2" executionId="f59a34c6-f8b4-46c4-a19f-348695240147" testListId="8c84fa94-04c1-424b-9868-57a2d4851a1d" />
    <TestEntry testId="e80a94c4-8ffd-f1f4-5311-596e1b50484c" executionId="dfb394d8-e137-4071-870a-b26a923b882d" testListId="8c84fa94-04c1-424b-9868-57a2d4851a1d" />
    <TestEntry testId="17e99e29-fca2-8fa5-4c43-d0f765065712" executionId="568aa9fc-aacc-49b6-9b0b-25e7f0aa5bc6" testListId="8c84fa94-04c1-424b-9868-57a2d4851a1d" />
    <TestEntry testId="f1b10120-0e4a-2bb0-13e7-404bfbedd3a9" executionId="db3b7f73-aa8f-4bd7-9f0c-bf97348e2aca" testListId="8c84fa94-04c1-424b-9868-57a2d4851a1d" />
    <TestEntry testId="c93c5cca-751d-a08b-d7b9-7b2d990879b1" executionId="b5bd5c4f-4abd-4d5d-b504-6be175b4083a" testListId="8c84fa94-04c1-424b-9868-57a2d4851a1d" />
  </TestEntries>
  <TestLists>
    <TestList name="Resultados sin formato de lista" id="8c84fa94-04c1-424b-9868-57a2d4851a1d" />
    <TestList name="Todos los resultados cargados" id="19431567-8539-422a-85d7-44ee4e166bda" />
  </TestLists>
  <ResultSummary outcome="Completed">
    <Counters total="100" executed="100" passed="100" failed="0" error="0" timeout="0" aborted="0" inconclusive="0" passedButRunAborted="0" notRunnable="0" notExecuted="0" disconnected="0" warning="0" completed="0" inProgress="0" pending="0" />
    <Output>
      <StdOut>[xUnit.net 00:00:00.01] xUnit.net VSTest Adapter v3.1.4+50e68bbb8b (64-bit .NET 10.0.9)&#xD;
[xUnit.net 00:00:03.62]   Discovering: Trazzo.Biometric.Agent.Tests&#xD;
[xUnit.net 00:00:03.66]   Discovered:  Trazzo.Biometric.Agent.Tests&#xD;
[xUnit.net 00:00:03.68]   Starting:    Trazzo.Biometric.Agent.Tests&#xD;
[xUnit.net 00:00:08.15]   Finished:    Trazzo.Biometric.Agent.Tests&#xD;
</StdOut>
    </Output>
    <CollectorDataEntries>
      <Collector agentName="LAPTOP-OFLRKUG1" uri="datacollector://microsoft/CoverletCodeCoverage/1.0" collectorDisplayName="XPlat code coverage">
        <UriAttachments>
          <UriAttachment>
            <A href="LAPTOP-OFLRKUG1\coverage.cobertura.xml"></A>
          </UriAttachment>
        </UriAttachments>
      </Collector>
    </CollectorDataEntries>
  </ResultSummary>
</TestRun>